[ 50%] [32mBuilding CXX object CMakeFiles/sdv_serial_node.dir/src/sdv_serial_node.cpp.o[0m
In file included from [01m[K/opt/ros/jazzy/include/rclcpp/rclcpp/logging.hpp:24[m[K,
                 from [01m[K/opt/ros/jazzy/include/rclcpp/rclcpp/copy_all_parameter_values.hpp:27[m[K,
                 from [01m[K/opt/ros/jazzy/include/rclcpp/rclcpp/rclcpp.hpp:171[m[K,
                 from [01m[K/home/antorresca/Desktop/CursoDirigido/SDV_ROS2/src/sdv_serial/src/sdv_serial_node.cpp:6[m[K:
[01m[K/home/antorresca/Desktop/CursoDirigido/SDV_ROS2/src/sdv_serial/src/sdv_serial_node.cpp:[m[K In constructor ‘[01m[KSdvSerialNode::[01;32m[KSdvSerialNode[m[K()[m[K’:
[01m[K/home/antorresca/Desktop/CursoDirigido/SDV_ROS2/src/sdv_serial/src/sdv_serial_node.cpp:59:40:[m[K [01;35m[Kwarning: [m[Ktoo many arguments for format [[01;35m[K]8;;https://gcc.gnu.org/onlinedocs/gcc/Warning-Options.html#index-Wformat-extra-args-Wformat-extra-args]8;;[m[K]
   59 |       RCLCPP_ERROR(this->get_logger(), [01;35m[K"Error: "[m[K, e.what());
      |                                        [01;35m[K^~~~~~~~~[m[K
[100%] [32m[1mLinking CXX executable sdv_serial_node[0m
[100%] Built target sdv_serial_node
-- Install configuration: ""
-- Execute custom install script
-- Up-to-date symlink: /home/antorresca/Desktop/CursoDirigido/SDV_ROS2/install/sdv_serial/lib/sdv_serial/sdv_serial_node
-- Up-to-date symlink: /home/antorresca/Desktop/CursoDirigido/SDV_ROS2/install/sdv_serial/share/ament_index/resource_index/package_run_dependencies/sdv_serial
-- Up-to-date symlink: /home/antorresca/Desktop/CursoDirigido/SDV_ROS2/install/sdv_serial/share/ament_index/resource_index/parent_prefix_path/sdv_serial
-- Up-to-date symlink: /home/antorresca/Desktop/CursoDirigido/SDV_ROS2/install/sdv_serial/share/sdv_serial/environment/ament_prefix_path.sh
-- Up-to-date symlink: /home/antorresca/Desktop/CursoDirigido/SDV_ROS2/install/sdv_serial/share/sdv_serial/environment/ament_prefix_path.dsv
-- Up-to-date symlink: /home/antorresca/Desktop/CursoDirigido/SDV_ROS2/install/sdv_serial/share/sdv_serial/environment/path.sh
-- Up-to-date symlink: /home/antorresca/Desktop/CursoDirigido/SDV_ROS2/install/sdv_serial/share/sdv_serial/environment/path.dsv
-- Up-to-date symlink: /home/antorresca/Desktop/CursoDirigido/SDV_ROS2/install/sdv_serial/share/sdv_serial/local_setup.bash
-- Up-to-date symlink: /home/antorresca/Desktop/CursoDirigido/SDV_ROS2/install/sdv_serial/share/sdv_serial/local_setup.sh
-- Up-to-date symlink: /home/antorresca/Desktop/CursoDirigido/SDV_ROS2/install/sdv_serial/share/sdv_serial/local_setup.zsh
-- Up-to-date symlink: /home/antorresca/Desktop/CursoDirigido/SDV_ROS2/install/sdv_serial/share/sdv_serial/local_setup.dsv
-- Symlinking: /home/antorresca/Desktop/CursoDirigido/SDV_ROS2/install/sdv_serial/share/sdv_serial/package.dsv
-- Up-to-date symlink: /home/antorresca/Desktop/CursoDirigido/SDV_ROS2/install/sdv_serial/share/ament_index/resource_index/packages/sdv_serial
-- Up-to-date symlink: /home/antorresca/Desktop/CursoDirigido/SDV_ROS2/install/sdv_serial/share/sdv_serial/cmake/sdv_serialConfig.cmake
-- Up-to-date symlink: /home/antorresca/Desktop/CursoDirigido/SDV_ROS2/install/sdv_serial/share/sdv_serial/cmake/sdv_serialConfig-version.cmake
-- Up-to-date symlink: /home/antorresca/Desktop/CursoDirigido/SDV_ROS2/install/sdv_serial/share/sdv_serial/package.xml
