[0.183s] DEBUG:colcon:Command line arguments: ['/usr/bin/colcon', 'build', '--symlink-install']
[0.183s] DEBUG:colcon:Parsed command line arguments: Namespace(log_base=None, log_level=None, verb_name='build', build_base='build', install_base='install', merge_install=False, symlink_install=True, test_result_base=None, continue_on_error=False, executor='parallel', parallel_workers=12, event_handlers=None, ignore_user_meta=False, metas=['./colcon.meta'], base_paths=['.'], packages_ignore=None, packages_ignore_regex=None, paths=None, packages_up_to=None, packages_up_to_regex=None, packages_above=None, packages_above_and_dependencies=None, packages_above_depth=None, packages_select_by_dep=None, packages_skip_by_dep=None, packages_skip_up_to=None, packages_select_build_failed=False, packages_skip_build_finished=False, packages_select_test_failures=False, packages_skip_test_passed=False, packages_select=None, packages_skip=None, packages_select_regex=None, packages_skip_regex=None, packages_start=None, packages_end=None, allow_overriding=[], cmake_args=None, cmake_target=None, cmake_target_skip_unavailable=False, cmake_clean_cache=False, cmake_clean_first=False, cmake_force_configure=False, ament_cmake_args=None, catkin_cmake_args=None, catkin_skip_building_tests=False, mixin_files=None, mixin=None, verb_parser=<colcon_mixin.mixin.mixin_argument.MixinArgumentDecorator object at 0x78f6550a8380>, verb_extension=<colcon_core.verb.build.BuildVerb object at 0x78f655029ee0>, main=<bound method BuildVerb.main of <colcon_core.verb.build.BuildVerb object at 0x78f655029ee0>>, mixin_verb=('build',))
[0.252s] Level 1:colcon.colcon_core.package_discovery:discover_packages(colcon_meta) check parameters
[0.253s] Level 1:colcon.colcon_core.package_discovery:discover_packages(recursive) check parameters
[0.253s] Level 1:colcon.colcon_core.package_discovery:discover_packages(ignore) check parameters
[0.253s] Level 1:colcon.colcon_core.package_discovery:discover_packages(path) check parameters
[0.253s] Level 1:colcon.colcon_core.package_discovery:discover_packages(colcon_meta) discover
[0.253s] Level 1:colcon.colcon_core.package_discovery:discover_packages(recursive) discover
[0.253s] INFO:colcon.colcon_core.package_discovery:Crawling recursively for packages in '/home/antorresca/Desktop/CursoDirigido/SDV_ROS2'
[0.253s] Level 1:colcon.colcon_core.package_identification:_identify(.) by extensions ['ignore', 'ignore_ament_install']
[0.254s] Level 1:colcon.colcon_core.package_identification:_identify(.) by extension 'ignore'
[0.254s] Level 1:colcon.colcon_core.package_identification:_identify(.) by extension 'ignore_ament_install'
[0.254s] Level 1:colcon.colcon_core.package_identification:_identify(.) by extensions ['colcon_pkg']
[0.254s] Level 1:colcon.colcon_core.package_identification:_identify(.) by extension 'colcon_pkg'
[0.254s] Level 1:colcon.colcon_core.package_identification:_identify(.) by extensions ['colcon_meta']
[0.254s] Level 1:colcon.colcon_core.package_identification:_identify(.) by extension 'colcon_meta'
[0.254s] Level 1:colcon.colcon_core.package_identification:_identify(.) by extensions ['ros']
[0.254s] Level 1:colcon.colcon_core.package_identification:_identify(.) by extension 'ros'
[0.298s] Level 1:colcon.colcon_core.package_identification:_identify(.) by extensions ['cmake', 'python']
[0.299s] Level 1:colcon.colcon_core.package_identification:_identify(.) by extension 'cmake'
[0.299s] Level 1:colcon.colcon_core.package_identification:_identify(.) by extension 'python'
[0.299s] Level 1:colcon.colcon_core.package_identification:_identify(.) by extensions ['python_setup_py']
[0.299s] Level 1:colcon.colcon_core.package_identification:_identify(.) by extension 'python_setup_py'
[0.299s] Level 1:colcon.colcon_core.package_identification:_identify(build) by extensions ['ignore', 'ignore_ament_install']
[0.299s] Level 1:colcon.colcon_core.package_identification:_identify(build) by extension 'ignore'
[0.299s] Level 1:colcon.colcon_core.package_identification:_identify(build) ignored
[0.299s] Level 1:colcon.colcon_core.package_identification:_identify(install) by extensions ['ignore', 'ignore_ament_install']
[0.300s] Level 1:colcon.colcon_core.package_identification:_identify(install) by extension 'ignore'
[0.300s] Level 1:colcon.colcon_core.package_identification:_identify(install) ignored
[0.300s] Level 1:colcon.colcon_core.package_identification:_identify(log) by extensions ['ignore', 'ignore_ament_install']
[0.300s] Level 1:colcon.colcon_core.package_identification:_identify(log) by extension 'ignore'
[0.300s] Level 1:colcon.colcon_core.package_identification:_identify(log) ignored
[0.300s] Level 1:colcon.colcon_core.package_identification:_identify(src) by extensions ['ignore', 'ignore_ament_install']
[0.300s] Level 1:colcon.colcon_core.package_identification:_identify(src) by extension 'ignore'
[0.300s] Level 1:colcon.colcon_core.package_identification:_identify(src) by extension 'ignore_ament_install'
[0.300s] Level 1:colcon.colcon_core.package_identification:_identify(src) by extensions ['colcon_pkg']
[0.300s] Level 1:colcon.colcon_core.package_identification:_identify(src) by extension 'colcon_pkg'
[0.300s] Level 1:colcon.colcon_core.package_identification:_identify(src) by extensions ['colcon_meta']
[0.301s] Level 1:colcon.colcon_core.package_identification:_identify(src) by extension 'colcon_meta'
[0.301s] Level 1:colcon.colcon_core.package_identification:_identify(src) by extensions ['ros']
[0.301s] Level 1:colcon.colcon_core.package_identification:_identify(src) by extension 'ros'
[0.301s] Level 1:colcon.colcon_core.package_identification:_identify(src) by extensions ['cmake', 'python']
[0.301s] Level 1:colcon.colcon_core.package_identification:_identify(src) by extension 'cmake'
[0.301s] Level 1:colcon.colcon_core.package_identification:_identify(src) by extension 'python'
[0.301s] Level 1:colcon.colcon_core.package_identification:_identify(src) by extensions ['python_setup_py']
[0.301s] Level 1:colcon.colcon_core.package_identification:_identify(src) by extension 'python_setup_py'
[0.301s] Level 1:colcon.colcon_core.package_identification:_identify(src/build) by extensions ['ignore', 'ignore_ament_install']
[0.301s] Level 1:colcon.colcon_core.package_identification:_identify(src/build) by extension 'ignore'
[0.301s] Level 1:colcon.colcon_core.package_identification:_identify(src/build) ignored
[0.302s] Level 1:colcon.colcon_core.package_identification:_identify(src/install) by extensions ['ignore', 'ignore_ament_install']
[0.302s] Level 1:colcon.colcon_core.package_identification:_identify(src/install) by extension 'ignore'
[0.302s] Level 1:colcon.colcon_core.package_identification:_identify(src/install) ignored
[0.302s] Level 1:colcon.colcon_core.package_identification:_identify(src/log) by extensions ['ignore', 'ignore_ament_install']
[0.302s] Level 1:colcon.colcon_core.package_identification:_identify(src/log) by extension 'ignore'
[0.302s] Level 1:colcon.colcon_core.package_identification:_identify(src/log) ignored
[0.302s] Level 1:colcon.colcon_core.package_identification:_identify(src/sdv_msgs) by extensions ['ignore', 'ignore_ament_install']
[0.302s] Level 1:colcon.colcon_core.package_identification:_identify(src/sdv_msgs) by extension 'ignore'
[0.302s] Level 1:colcon.colcon_core.package_identification:_identify(src/sdv_msgs) by extension 'ignore_ament_install'
[0.303s] Level 1:colcon.colcon_core.package_identification:_identify(src/sdv_msgs) by extensions ['colcon_pkg']
[0.303s] Level 1:colcon.colcon_core.package_identification:_identify(src/sdv_msgs) by extension 'colcon_pkg'
[0.303s] Level 1:colcon.colcon_core.package_identification:_identify(src/sdv_msgs) by extensions ['colcon_meta']
[0.303s] Level 1:colcon.colcon_core.package_identification:_identify(src/sdv_msgs) by extension 'colcon_meta'
[0.303s] Level 1:colcon.colcon_core.package_identification:_identify(src/sdv_msgs) by extensions ['ros']
[0.303s] Level 1:colcon.colcon_core.package_identification:_identify(src/sdv_msgs) by extension 'ros'
[0.307s] DEBUG:colcon.colcon_core.package_identification:Package 'src/sdv_msgs' with type 'ros.ament_cmake' and name 'sdv_msgs'
[0.307s] Level 1:colcon.colcon_core.package_identification:_identify(src/sdv_serial) by extensions ['ignore', 'ignore_ament_install']
[0.307s] Level 1:colcon.colcon_core.package_identification:_identify(src/sdv_serial) by extension 'ignore'
[0.307s] Level 1:colcon.colcon_core.package_identification:_identify(src/sdv_serial) by extension 'ignore_ament_install'
[0.307s] Level 1:colcon.colcon_core.package_identification:_identify(src/sdv_serial) by extensions ['colcon_pkg']
[0.307s] Level 1:colcon.colcon_core.package_identification:_identify(src/sdv_serial) by extension 'colcon_pkg'
[0.307s] Level 1:colcon.colcon_core.package_identification:_identify(src/sdv_serial) by extensions ['colcon_meta']
[0.307s] Level 1:colcon.colcon_core.package_identification:_identify(src/sdv_serial) by extension 'colcon_meta'
[0.307s] Level 1:colcon.colcon_core.package_identification:_identify(src/sdv_serial) by extensions ['ros']
[0.307s] Level 1:colcon.colcon_core.package_identification:_identify(src/sdv_serial) by extension 'ros'
[0.309s] DEBUG:colcon.colcon_core.package_identification:Package 'src/sdv_serial' with type 'ros.ament_cmake' and name 'sdv_serial'
[0.309s] Level 1:colcon.colcon_core.package_discovery:discover_packages(recursive) using defaults
[0.309s] Level 1:colcon.colcon_core.package_discovery:discover_packages(ignore) discover
[0.309s] Level 1:colcon.colcon_core.package_discovery:discover_packages(ignore) using defaults
[0.309s] Level 1:colcon.colcon_core.package_discovery:discover_packages(path) discover
[0.309s] Level 1:colcon.colcon_core.package_discovery:discover_packages(path) using defaults
[0.339s] Level 1:colcon.colcon_core.package_discovery:discover_packages(prefix_path) check parameters
[0.339s] Level 1:colcon.colcon_core.package_discovery:discover_packages(prefix_path) discover
[0.344s] DEBUG:colcon.colcon_installed_package_information.package_discovery:Found 367 installed packages in /opt/ros/jazzy
[0.347s] Level 1:colcon.colcon_core.package_discovery:discover_packages(prefix_path) using defaults
[0.434s] Level 5:colcon.colcon_core.verb:set package 'sdv_msgs' build argument 'cmake_args' from command line to 'None'
[0.434s] Level 5:colcon.colcon_core.verb:set package 'sdv_msgs' build argument 'cmake_target' from command line to 'None'
[0.434s] Level 5:colcon.colcon_core.verb:set package 'sdv_msgs' build argument 'cmake_target_skip_unavailable' from command line to 'False'
[0.434s] Level 5:colcon.colcon_core.verb:set package 'sdv_msgs' build argument 'cmake_clean_cache' from command line to 'False'
[0.434s] Level 5:colcon.colcon_core.verb:set package 'sdv_msgs' build argument 'cmake_clean_first' from command line to 'False'
[0.434s] Level 5:colcon.colcon_core.verb:set package 'sdv_msgs' build argument 'cmake_force_configure' from command line to 'False'
[0.434s] Level 5:colcon.colcon_core.verb:set package 'sdv_msgs' build argument 'ament_cmake_args' from command line to 'None'
[0.434s] Level 5:colcon.colcon_core.verb:set package 'sdv_msgs' build argument 'catkin_cmake_args' from command line to 'None'
[0.434s] Level 5:colcon.colcon_core.verb:set package 'sdv_msgs' build argument 'catkin_skip_building_tests' from command line to 'False'
[0.434s] DEBUG:colcon.colcon_core.verb:Building package 'sdv_msgs' with the following arguments: {'ament_cmake_args': None, 'build_base': '/home/antorresca/Desktop/CursoDirigido/SDV_ROS2/build/sdv_msgs', 'catkin_cmake_args': None, 'catkin_skip_building_tests': False, 'cmake_args': None, 'cmake_clean_cache': False, 'cmake_clean_first': False, 'cmake_force_configure': False, 'cmake_target': None, 'cmake_target_skip_unavailable': False, 'install_base': '/home/antorresca/Desktop/CursoDirigido/SDV_ROS2/install/sdv_msgs', 'merge_install': False, 'path': '/home/antorresca/Desktop/CursoDirigido/SDV_ROS2/src/sdv_msgs', 'symlink_install': True, 'test_result_base': None}
[0.434s] Level 5:colcon.colcon_core.verb:set package 'sdv_serial' build argument 'cmake_args' from command line to 'None'
[0.435s] Level 5:colcon.colcon_core.verb:set package 'sdv_serial' build argument 'cmake_target' from command line to 'None'
[0.435s] Level 5:colcon.colcon_core.verb:set package 'sdv_serial' build argument 'cmake_target_skip_unavailable' from command line to 'False'
[0.435s] Level 5:colcon.colcon_core.verb:set package 'sdv_serial' build argument 'cmake_clean_cache' from command line to 'False'
[0.435s] Level 5:colcon.colcon_core.verb:set package 'sdv_serial' build argument 'cmake_clean_first' from command line to 'False'
[0.435s] Level 5:colcon.colcon_core.verb:set package 'sdv_serial' build argument 'cmake_force_configure' from command line to 'False'
[0.435s] Level 5:colcon.colcon_core.verb:set package 'sdv_serial' build argument 'ament_cmake_args' from command line to 'None'
[0.435s] Level 5:colcon.colcon_core.verb:set package 'sdv_serial' build argument 'catkin_cmake_args' from command line to 'None'
[0.435s] Level 5:colcon.colcon_core.verb:set package 'sdv_serial' build argument 'catkin_skip_building_tests' from command line to 'False'
[0.435s] DEBUG:colcon.colcon_core.verb:Building package 'sdv_serial' with the following arguments: {'ament_cmake_args': None, 'build_base': '/home/antorresca/Desktop/CursoDirigido/SDV_ROS2/build/sdv_serial', 'catkin_cmake_args': None, 'catkin_skip_building_tests': False, 'cmake_args': None, 'cmake_clean_cache': False, 'cmake_clean_first': False, 'cmake_force_configure': False, 'cmake_target': None, 'cmake_target_skip_unavailable': False, 'install_base': '/home/antorresca/Desktop/CursoDirigido/SDV_ROS2/install/sdv_serial', 'merge_install': False, 'path': '/home/antorresca/Desktop/CursoDirigido/SDV_ROS2/src/sdv_serial', 'symlink_install': True, 'test_result_base': None}
[0.435s] INFO:colcon.colcon_core.executor:Executing jobs using 'parallel' executor
[0.436s] DEBUG:colcon.colcon_parallel_executor.executor.parallel:run_until_complete
[0.437s] INFO:colcon.colcon_ros.task.ament_cmake.build:Building ROS package in '/home/antorresca/Desktop/CursoDirigido/SDV_ROS2/src/sdv_msgs' with build type 'ament_cmake'
[0.437s] INFO:colcon.colcon_cmake.task.cmake.build:Building CMake package in '/home/antorresca/Desktop/CursoDirigido/SDV_ROS2/src/sdv_msgs'
[0.440s] INFO:colcon.colcon_core.plugin_system:Skipping extension 'colcon_core.shell.bat': Not used on non-Windows systems
[0.440s] INFO:colcon.colcon_core.shell:Skip shell extension 'powershell' for command environment: Not usable outside of PowerShell
[0.441s] DEBUG:colcon.colcon_core.shell:Skip shell extension 'dsv' for command environment
[0.447s] INFO:colcon.colcon_ros.task.ament_cmake.build:Building ROS package in '/home/antorresca/Desktop/CursoDirigido/SDV_ROS2/src/sdv_serial' with build type 'ament_cmake'
[0.447s] INFO:colcon.colcon_cmake.task.cmake.build:Building CMake package in '/home/antorresca/Desktop/CursoDirigido/SDV_ROS2/src/sdv_serial'
[0.448s] INFO:colcon.colcon_core.shell:Skip shell extension 'powershell' for command environment: Not usable outside of PowerShell
[0.448s] DEBUG:colcon.colcon_core.shell:Skip shell extension 'dsv' for command environment
[0.459s] DEBUG:colcon.colcon_core.event_handler.log_command:Invoking command in '/home/antorresca/Desktop/CursoDirigido/SDV_ROS2/build/sdv_msgs': CMAKE_PREFIX_PATH=${CMAKE_PREFIX_PATH}:/opt/ros/jazzy DEBUGINFOD_URLS=https://debuginfod.ubuntu.com /usr/bin/cmake /home/antorresca/Desktop/CursoDirigido/SDV_ROS2/src/sdv_msgs -DAMENT_CMAKE_SYMLINK_INSTALL=1 -DCMAKE_INSTALL_PREFIX=/home/antorresca/Desktop/CursoDirigido/SDV_ROS2/install/sdv_msgs
[0.466s] DEBUG:colcon.colcon_core.event_handler.log_command:Invoking command in '/home/antorresca/Desktop/CursoDirigido/SDV_ROS2/build/sdv_serial': CMAKE_PREFIX_PATH=${CMAKE_PREFIX_PATH}:/opt/ros/jazzy DEBUGINFOD_URLS=https://debuginfod.ubuntu.com /usr/bin/cmake /home/antorresca/Desktop/CursoDirigido/SDV_ROS2/src/sdv_serial -DAMENT_CMAKE_SYMLINK_INSTALL=1 -DCMAKE_INSTALL_PREFIX=/home/antorresca/Desktop/CursoDirigido/SDV_ROS2/install/sdv_serial
[2.373s] DEBUG:colcon.colcon_core.event_handler.log_command:Invoked command in '/home/antorresca/Desktop/CursoDirigido/SDV_ROS2/build/sdv_msgs' returned '0': CMAKE_PREFIX_PATH=${CMAKE_PREFIX_PATH}:/opt/ros/jazzy DEBUGINFOD_URLS=https://debuginfod.ubuntu.com /usr/bin/cmake /home/antorresca/Desktop/CursoDirigido/SDV_ROS2/src/sdv_msgs -DAMENT_CMAKE_SYMLINK_INSTALL=1 -DCMAKE_INSTALL_PREFIX=/home/antorresca/Desktop/CursoDirigido/SDV_ROS2/install/sdv_msgs
[2.375s] DEBUG:colcon.colcon_core.event_handler.log_command:Invoking command in '/home/antorresca/Desktop/CursoDirigido/SDV_ROS2/build/sdv_msgs': CMAKE_PREFIX_PATH=${CMAKE_PREFIX_PATH}:/opt/ros/jazzy DEBUGINFOD_URLS=https://debuginfod.ubuntu.com /usr/bin/cmake --build /home/antorresca/Desktop/CursoDirigido/SDV_ROS2/build/sdv_msgs -- -j12 -l12
[2.465s] DEBUG:colcon.colcon_core.event_handler.log_command:Invoked command in '/home/antorresca/Desktop/CursoDirigido/SDV_ROS2/build/sdv_msgs' returned '0': CMAKE_PREFIX_PATH=${CMAKE_PREFIX_PATH}:/opt/ros/jazzy DEBUGINFOD_URLS=https://debuginfod.ubuntu.com /usr/bin/cmake --build /home/antorresca/Desktop/CursoDirigido/SDV_ROS2/build/sdv_msgs -- -j12 -l12
[2.490s] DEBUG:colcon.colcon_core.event_handler.log_command:Invoking command in '/home/antorresca/Desktop/CursoDirigido/SDV_ROS2/build/sdv_msgs': CMAKE_PREFIX_PATH=${CMAKE_PREFIX_PATH}:/opt/ros/jazzy DEBUGINFOD_URLS=https://debuginfod.ubuntu.com /usr/bin/cmake --install /home/antorresca/Desktop/CursoDirigido/SDV_ROS2/build/sdv_msgs
[2.824s] Level 1:colcon.colcon_core.environment:create_environment_scripts_only(sdv_msgs)
[2.825s] DEBUG:colcon.colcon_core.event_handler.log_command:Invoked command in '/home/antorresca/Desktop/CursoDirigido/SDV_ROS2/build/sdv_msgs' returned '0': CMAKE_PREFIX_PATH=${CMAKE_PREFIX_PATH}:/opt/ros/jazzy DEBUGINFOD_URLS=https://debuginfod.ubuntu.com /usr/bin/cmake --install /home/antorresca/Desktop/CursoDirigido/SDV_ROS2/build/sdv_msgs
[2.828s] Level 1:colcon.colcon_core.environment:checking '/home/antorresca/Desktop/CursoDirigido/SDV_ROS2/install/sdv_msgs' for CMake module files
[2.829s] Level 1:colcon.colcon_core.environment:checking '/home/antorresca/Desktop/CursoDirigido/SDV_ROS2/install/sdv_msgs' for CMake config files
[2.829s] Level 1:colcon.colcon_core.shell:create_environment_hook('sdv_msgs', 'cmake_prefix_path')
[2.830s] INFO:colcon.colcon_core.shell:Creating environment hook '/home/antorresca/Desktop/CursoDirigido/SDV_ROS2/install/sdv_msgs/share/sdv_msgs/hook/cmake_prefix_path.ps1'
[2.831s] INFO:colcon.colcon_core.shell:Creating environment descriptor '/home/antorresca/Desktop/CursoDirigido/SDV_ROS2/install/sdv_msgs/share/sdv_msgs/hook/cmake_prefix_path.dsv'
[2.832s] INFO:colcon.colcon_core.shell:Creating environment hook '/home/antorresca/Desktop/CursoDirigido/SDV_ROS2/install/sdv_msgs/share/sdv_msgs/hook/cmake_prefix_path.sh'
[2.833s] Level 1:colcon.colcon_core.environment:checking '/home/antorresca/Desktop/CursoDirigido/SDV_ROS2/install/sdv_msgs/bin'
[2.833s] Level 1:colcon.colcon_core.environment:checking '/home/antorresca/Desktop/CursoDirigido/SDV_ROS2/install/sdv_msgs/lib/pkgconfig/sdv_msgs.pc'
[2.834s] Level 1:colcon.colcon_core.environment:checking '/home/antorresca/Desktop/CursoDirigido/SDV_ROS2/install/sdv_msgs/lib/python3.12/site-packages'
[2.834s] Level 1:colcon.colcon_core.environment:checking '/home/antorresca/Desktop/CursoDirigido/SDV_ROS2/install/sdv_msgs/bin'
[2.834s] INFO:colcon.colcon_core.shell:Creating package script '/home/antorresca/Desktop/CursoDirigido/SDV_ROS2/install/sdv_msgs/share/sdv_msgs/package.ps1'
[2.835s] INFO:colcon.colcon_core.shell:Creating package descriptor '/home/antorresca/Desktop/CursoDirigido/SDV_ROS2/install/sdv_msgs/share/sdv_msgs/package.dsv'
[2.837s] INFO:colcon.colcon_core.shell:Creating package script '/home/antorresca/Desktop/CursoDirigido/SDV_ROS2/install/sdv_msgs/share/sdv_msgs/package.sh'
[2.838s] INFO:colcon.colcon_core.shell:Creating package script '/home/antorresca/Desktop/CursoDirigido/SDV_ROS2/install/sdv_msgs/share/sdv_msgs/package.bash'
[2.840s] INFO:colcon.colcon_core.shell:Creating package script '/home/antorresca/Desktop/CursoDirigido/SDV_ROS2/install/sdv_msgs/share/sdv_msgs/package.zsh'
[2.841s] Level 1:colcon.colcon_core.environment:create_file_with_runtime_dependencies(/home/antorresca/Desktop/CursoDirigido/SDV_ROS2/install/sdv_msgs/share/colcon-core/packages/sdv_msgs)
[2.843s] Level 1:colcon.colcon_core.environment:create_environment_scripts_only(sdv_msgs)
[2.843s] Level 1:colcon.colcon_core.environment:checking '/home/antorresca/Desktop/CursoDirigido/SDV_ROS2/install/sdv_msgs' for CMake module files
[2.845s] Level 1:colcon.colcon_core.environment:checking '/home/antorresca/Desktop/CursoDirigido/SDV_ROS2/install/sdv_msgs' for CMake config files
[2.846s] Level 1:colcon.colcon_core.shell:create_environment_hook('sdv_msgs', 'cmake_prefix_path')
[2.846s] INFO:colcon.colcon_core.shell:Creating environment hook '/home/antorresca/Desktop/CursoDirigido/SDV_ROS2/install/sdv_msgs/share/sdv_msgs/hook/cmake_prefix_path.ps1'
[2.847s] INFO:colcon.colcon_core.shell:Creating environment descriptor '/home/antorresca/Desktop/CursoDirigido/SDV_ROS2/install/sdv_msgs/share/sdv_msgs/hook/cmake_prefix_path.dsv'
[2.847s] INFO:colcon.colcon_core.shell:Creating environment hook '/home/antorresca/Desktop/CursoDirigido/SDV_ROS2/install/sdv_msgs/share/sdv_msgs/hook/cmake_prefix_path.sh'
[2.848s] Level 1:colcon.colcon_core.environment:checking '/home/antorresca/Desktop/CursoDirigido/SDV_ROS2/install/sdv_msgs/bin'
[2.848s] Level 1:colcon.colcon_core.environment:checking '/home/antorresca/Desktop/CursoDirigido/SDV_ROS2/install/sdv_msgs/lib/pkgconfig/sdv_msgs.pc'
[2.849s] Level 1:colcon.colcon_core.environment:checking '/home/antorresca/Desktop/CursoDirigido/SDV_ROS2/install/sdv_msgs/lib/python3.12/site-packages'
[2.849s] Level 1:colcon.colcon_core.environment:checking '/home/antorresca/Desktop/CursoDirigido/SDV_ROS2/install/sdv_msgs/bin'
[2.849s] INFO:colcon.colcon_core.shell:Creating package script '/home/antorresca/Desktop/CursoDirigido/SDV_ROS2/install/sdv_msgs/share/sdv_msgs/package.ps1'
[2.850s] INFO:colcon.colcon_core.shell:Creating package descriptor '/home/antorresca/Desktop/CursoDirigido/SDV_ROS2/install/sdv_msgs/share/sdv_msgs/package.dsv'
[2.851s] INFO:colcon.colcon_core.shell:Creating package script '/home/antorresca/Desktop/CursoDirigido/SDV_ROS2/install/sdv_msgs/share/sdv_msgs/package.sh'
[2.852s] INFO:colcon.colcon_core.shell:Creating package script '/home/antorresca/Desktop/CursoDirigido/SDV_ROS2/install/sdv_msgs/share/sdv_msgs/package.bash'
[2.852s] INFO:colcon.colcon_core.shell:Creating package script '/home/antorresca/Desktop/CursoDirigido/SDV_ROS2/install/sdv_msgs/share/sdv_msgs/package.zsh'
[2.853s] Level 1:colcon.colcon_core.environment:create_file_with_runtime_dependencies(/home/antorresca/Desktop/CursoDirigido/SDV_ROS2/install/sdv_msgs/share/colcon-core/packages/sdv_msgs)
[3.121s] DEBUG:colcon.colcon_core.event_handler.log_command:Invoked command in '/home/antorresca/Desktop/CursoDirigido/SDV_ROS2/build/sdv_serial' returned '0': CMAKE_PREFIX_PATH=${CMAKE_PREFIX_PATH}:/opt/ros/jazzy DEBUGINFOD_URLS=https://debuginfod.ubuntu.com /usr/bin/cmake /home/antorresca/Desktop/CursoDirigido/SDV_ROS2/src/sdv_serial -DAMENT_CMAKE_SYMLINK_INSTALL=1 -DCMAKE_INSTALL_PREFIX=/home/antorresca/Desktop/CursoDirigido/SDV_ROS2/install/sdv_serial
[3.123s] DEBUG:colcon.colcon_core.event_handler.log_command:Invoking command in '/home/antorresca/Desktop/CursoDirigido/SDV_ROS2/build/sdv_serial': CMAKE_PREFIX_PATH=${CMAKE_PREFIX_PATH}:/opt/ros/jazzy DEBUGINFOD_URLS=https://debuginfod.ubuntu.com /usr/bin/cmake --build /home/antorresca/Desktop/CursoDirigido/SDV_ROS2/build/sdv_serial -- -j12 -l12
[3.220s] DEBUG:colcon.colcon_core.event_handler.log_command:Invoked command in '/home/antorresca/Desktop/CursoDirigido/SDV_ROS2/build/sdv_serial' returned '0': CMAKE_PREFIX_PATH=${CMAKE_PREFIX_PATH}:/opt/ros/jazzy DEBUGINFOD_URLS=https://debuginfod.ubuntu.com /usr/bin/cmake --build /home/antorresca/Desktop/CursoDirigido/SDV_ROS2/build/sdv_serial -- -j12 -l12
[3.222s] DEBUG:colcon.colcon_core.event_handler.log_command:Invoking command in '/home/antorresca/Desktop/CursoDirigido/SDV_ROS2/build/sdv_serial': CMAKE_PREFIX_PATH=${CMAKE_PREFIX_PATH}:/opt/ros/jazzy DEBUGINFOD_URLS=https://debuginfod.ubuntu.com /usr/bin/cmake --install /home/antorresca/Desktop/CursoDirigido/SDV_ROS2/build/sdv_serial
[3.548s] Level 1:colcon.colcon_core.environment:create_environment_scripts_only(sdv_serial)
[3.548s] Level 1:colcon.colcon_core.environment:checking '/home/antorresca/Desktop/CursoDirigido/SDV_ROS2/install/sdv_serial' for CMake module files
[3.549s] DEBUG:colcon.colcon_core.event_handler.log_command:Invoked command in '/home/antorresca/Desktop/CursoDirigido/SDV_ROS2/build/sdv_serial' returned '0': CMAKE_PREFIX_PATH=${CMAKE_PREFIX_PATH}:/opt/ros/jazzy DEBUGINFOD_URLS=https://debuginfod.ubuntu.com /usr/bin/cmake --install /home/antorresca/Desktop/CursoDirigido/SDV_ROS2/build/sdv_serial
[3.549s] Level 1:colcon.colcon_core.environment:checking '/home/antorresca/Desktop/CursoDirigido/SDV_ROS2/install/sdv_serial' for CMake config files
[3.550s] Level 1:colcon.colcon_core.shell:create_environment_hook('sdv_serial', 'cmake_prefix_path')
[3.550s] INFO:colcon.colcon_core.shell:Creating environment hook '/home/antorresca/Desktop/CursoDirigido/SDV_ROS2/install/sdv_serial/share/sdv_serial/hook/cmake_prefix_path.ps1'
[3.551s] INFO:colcon.colcon_core.shell:Creating environment descriptor '/home/antorresca/Desktop/CursoDirigido/SDV_ROS2/install/sdv_serial/share/sdv_serial/hook/cmake_prefix_path.dsv'
[3.551s] INFO:colcon.colcon_core.shell:Creating environment hook '/home/antorresca/Desktop/CursoDirigido/SDV_ROS2/install/sdv_serial/share/sdv_serial/hook/cmake_prefix_path.sh'
[3.552s] Level 1:colcon.colcon_core.environment:checking '/home/antorresca/Desktop/CursoDirigido/SDV_ROS2/install/sdv_serial/bin'
[3.552s] Level 1:colcon.colcon_core.environment:checking '/home/antorresca/Desktop/CursoDirigido/SDV_ROS2/install/sdv_serial/lib/pkgconfig/sdv_serial.pc'
[3.553s] Level 1:colcon.colcon_core.environment:checking '/home/antorresca/Desktop/CursoDirigido/SDV_ROS2/install/sdv_serial/lib/python3.12/site-packages'
[3.553s] Level 1:colcon.colcon_core.environment:checking '/home/antorresca/Desktop/CursoDirigido/SDV_ROS2/install/sdv_serial/bin'
[3.553s] INFO:colcon.colcon_core.shell:Creating package script '/home/antorresca/Desktop/CursoDirigido/SDV_ROS2/install/sdv_serial/share/sdv_serial/package.ps1'
[3.554s] INFO:colcon.colcon_core.shell:Creating package descriptor '/home/antorresca/Desktop/CursoDirigido/SDV_ROS2/install/sdv_serial/share/sdv_serial/package.dsv'
[3.555s] INFO:colcon.colcon_core.shell:Creating package script '/home/antorresca/Desktop/CursoDirigido/SDV_ROS2/install/sdv_serial/share/sdv_serial/package.sh'
[3.555s] INFO:colcon.colcon_core.shell:Creating package script '/home/antorresca/Desktop/CursoDirigido/SDV_ROS2/install/sdv_serial/share/sdv_serial/package.bash'
[3.556s] INFO:colcon.colcon_core.shell:Creating package script '/home/antorresca/Desktop/CursoDirigido/SDV_ROS2/install/sdv_serial/share/sdv_serial/package.zsh'
[3.556s] Level 1:colcon.colcon_core.environment:create_file_with_runtime_dependencies(/home/antorresca/Desktop/CursoDirigido/SDV_ROS2/install/sdv_serial/share/colcon-core/packages/sdv_serial)
[3.557s] Level 1:colcon.colcon_core.environment:create_environment_scripts_only(sdv_serial)
[3.557s] Level 1:colcon.colcon_core.environment:checking '/home/antorresca/Desktop/CursoDirigido/SDV_ROS2/install/sdv_serial' for CMake module files
[3.558s] Level 1:colcon.colcon_core.environment:checking '/home/antorresca/Desktop/CursoDirigido/SDV_ROS2/install/sdv_serial' for CMake config files
[3.558s] Level 1:colcon.colcon_core.shell:create_environment_hook('sdv_serial', 'cmake_prefix_path')
[3.559s] INFO:colcon.colcon_core.shell:Creating environment hook '/home/antorresca/Desktop/CursoDirigido/SDV_ROS2/install/sdv_serial/share/sdv_serial/hook/cmake_prefix_path.ps1'
[3.559s] INFO:colcon.colcon_core.shell:Creating environment descriptor '/home/antorresca/Desktop/CursoDirigido/SDV_ROS2/install/sdv_serial/share/sdv_serial/hook/cmake_prefix_path.dsv'
[3.560s] INFO:colcon.colcon_core.shell:Creating environment hook '/home/antorresca/Desktop/CursoDirigido/SDV_ROS2/install/sdv_serial/share/sdv_serial/hook/cmake_prefix_path.sh'
[3.561s] Level 1:colcon.colcon_core.environment:checking '/home/antorresca/Desktop/CursoDirigido/SDV_ROS2/install/sdv_serial/bin'
[3.561s] Level 1:colcon.colcon_core.environment:checking '/home/antorresca/Desktop/CursoDirigido/SDV_ROS2/install/sdv_serial/lib/pkgconfig/sdv_serial.pc'
[3.561s] Level 1:colcon.colcon_core.environment:checking '/home/antorresca/Desktop/CursoDirigido/SDV_ROS2/install/sdv_serial/lib/python3.12/site-packages'
[3.561s] Level 1:colcon.colcon_core.environment:checking '/home/antorresca/Desktop/CursoDirigido/SDV_ROS2/install/sdv_serial/bin'
[3.562s] INFO:colcon.colcon_core.shell:Creating package script '/home/antorresca/Desktop/CursoDirigido/SDV_ROS2/install/sdv_serial/share/sdv_serial/package.ps1'
[3.562s] INFO:colcon.colcon_core.shell:Creating package descriptor '/home/antorresca/Desktop/CursoDirigido/SDV_ROS2/install/sdv_serial/share/sdv_serial/package.dsv'
[3.563s] INFO:colcon.colcon_core.shell:Creating package script '/home/antorresca/Desktop/CursoDirigido/SDV_ROS2/install/sdv_serial/share/sdv_serial/package.sh'
[3.564s] INFO:colcon.colcon_core.shell:Creating package script '/home/antorresca/Desktop/CursoDirigido/SDV_ROS2/install/sdv_serial/share/sdv_serial/package.bash'
[3.564s] INFO:colcon.colcon_core.shell:Creating package script '/home/antorresca/Desktop/CursoDirigido/SDV_ROS2/install/sdv_serial/share/sdv_serial/package.zsh'
[3.565s] Level 1:colcon.colcon_core.environment:create_file_with_runtime_dependencies(/home/antorresca/Desktop/CursoDirigido/SDV_ROS2/install/sdv_serial/share/colcon-core/packages/sdv_serial)
[3.565s] DEBUG:colcon.colcon_parallel_executor.executor.parallel:closing loop
[3.566s] DEBUG:colcon.colcon_parallel_executor.executor.parallel:loop closed
[3.566s] DEBUG:colcon.colcon_parallel_executor.executor.parallel:run_until_complete finished with '0'
[3.566s] DEBUG:colcon.colcon_core.event_reactor:joining thread
[3.575s] INFO:colcon.colcon_core.plugin_system:Skipping extension 'colcon_notification.desktop_notification.terminal_notifier': Not used on non-Darwin systems
[3.575s] INFO:colcon.colcon_core.plugin_system:Skipping extension 'colcon_notification.desktop_notification.win32': Not used on non-Windows systems
[3.576s] INFO:colcon.colcon_notification.desktop_notification:Sending desktop notification using 'notify2'
[3.602s] DEBUG:colcon.colcon_core.event_reactor:joined thread
[3.603s] INFO:colcon.colcon_core.shell:Creating prefix script '/home/antorresca/Desktop/CursoDirigido/SDV_ROS2/install/local_setup.ps1'
[3.605s] INFO:colcon.colcon_core.shell:Creating prefix util module '/home/antorresca/Desktop/CursoDirigido/SDV_ROS2/install/_local_setup_util_ps1.py'
[3.606s] INFO:colcon.colcon_core.shell:Creating prefix chain script '/home/antorresca/Desktop/CursoDirigido/SDV_ROS2/install/setup.ps1'
[3.608s] INFO:colcon.colcon_core.shell:Creating prefix script '/home/antorresca/Desktop/CursoDirigido/SDV_ROS2/install/local_setup.sh'
[3.609s] INFO:colcon.colcon_core.shell:Creating prefix util module '/home/antorresca/Desktop/CursoDirigido/SDV_ROS2/install/_local_setup_util_sh.py'
[3.609s] INFO:colcon.colcon_core.shell:Creating prefix chain script '/home/antorresca/Desktop/CursoDirigido/SDV_ROS2/install/setup.sh'
[3.611s] INFO:colcon.colcon_core.shell:Creating prefix script '/home/antorresca/Desktop/CursoDirigido/SDV_ROS2/install/local_setup.bash'
[3.611s] INFO:colcon.colcon_core.shell:Creating prefix chain script '/home/antorresca/Desktop/CursoDirigido/SDV_ROS2/install/setup.bash'
[3.612s] INFO:colcon.colcon_core.shell:Creating prefix script '/home/antorresca/Desktop/CursoDirigido/SDV_ROS2/install/local_setup.zsh'
[3.613s] INFO:colcon.colcon_core.shell:Creating prefix chain script '/home/antorresca/Desktop/CursoDirigido/SDV_ROS2/install/setup.zsh'
