[0.181s] DEBUG:colcon:Command line arguments: ['/usr/bin/colcon', 'list', '-p', '--base-paths', '/home/antorresca/Desktop/CursoDirigido/SDV_ROS2/src', '--log-base', '/dev/null']
[0.182s] DEBUG:colcon:Parsed command line arguments: Namespace(log_base=None, log_level=None, verb_name='list', build_base='build', ignore_user_meta=False, metas=['./colcon.meta'], base_paths=['/home/antorresca/Desktop/CursoDirigido/SDV_ROS2/src', '--log-base', '/dev/null'], packages_ignore=None, packages_ignore_regex=None, paths=None, packages_up_to=None, packages_up_to_regex=None, packages_above=None, packages_above_and_dependencies=None, packages_above_depth=None, packages_select_by_dep=None, packages_skip_by_dep=None, packages_skip_up_to=None, packages_select_build_failed=False, packages_skip_build_finished=False, packages_select_test_failures=False, packages_skip_test_passed=False, packages_select=None, packages_skip=None, packages_select_regex=None, packages_skip_regex=None, packages_start=None, packages_end=None, allow_overriding=[], topological_order=False, names_only=False, paths_only=True, topological_graph=False, topological_graph_dot=False, topological_graph_density=False, topological_graph_legend=False, topological_graph_dot_cluster=False, topological_graph_dot_include_skipped=False, mixin_files=None, mixin=None, verb_parser=<colcon_mixin.mixin.mixin_argument.MixinArgumentDecorator object at 0x73ba0cf99670>, verb_extension=<colcon_package_information.verb.list.ListVerb object at 0x73ba0cf1bd40>, main=<bound method ListVerb.main of <colcon_package_information.verb.list.ListVerb object at 0x73ba0cf1bd40>>, mixin_verb=('list',))
[0.250s] Level 1:colcon.colcon_core.package_discovery:discover_packages(colcon_meta) check parameters
[0.250s] Level 1:colcon.colcon_core.package_discovery:discover_packages(recursive) check parameters
[0.250s] Level 1:colcon.colcon_core.package_discovery:discover_packages(ignore) check parameters
[0.250s] Level 1:colcon.colcon_core.package_discovery:discover_packages(path) check parameters
[0.250s] Level 1:colcon.colcon_core.package_discovery:discover_packages(recursive) discover
[0.251s] INFO:colcon.colcon_core.package_discovery:Crawling recursively for packages in '/home/antorresca/Desktop/CursoDirigido/SDV_ROS2/src', '/home/antorresca/Desktop/CursoDirigido/SDV_ROS2/src/--log-base', '/dev/null'
[0.251s] Level 1:colcon.colcon_core.package_identification:_identify(/home/antorresca/Desktop/CursoDirigido/SDV_ROS2/src) by extensions ['ignore', 'ignore_ament_install']
[0.251s] Level 1:colcon.colcon_core.package_identification:_identify(/home/antorresca/Desktop/CursoDirigido/SDV_ROS2/src) by extension 'ignore'
[0.252s] Level 1:colcon.colcon_core.package_identification:_identify(/home/antorresca/Desktop/CursoDirigido/SDV_ROS2/src) by extension 'ignore_ament_install'
[0.252s] Level 1:colcon.colcon_core.package_identification:_identify(/home/antorresca/Desktop/CursoDirigido/SDV_ROS2/src) by extensions ['colcon_pkg']
[0.252s] Level 1:colcon.colcon_core.package_identification:_identify(/home/antorresca/Desktop/CursoDirigido/SDV_ROS2/src) by extension 'colcon_pkg'
[0.252s] Level 1:colcon.colcon_core.package_identification:_identify(/home/antorresca/Desktop/CursoDirigido/SDV_ROS2/src) by extensions ['colcon_meta']
[0.252s] Level 1:colcon.colcon_core.package_identification:_identify(/home/antorresca/Desktop/CursoDirigido/SDV_ROS2/src) by extension 'colcon_meta'
[0.252s] Level 1:colcon.colcon_core.package_identification:_identify(/home/antorresca/Desktop/CursoDirigido/SDV_ROS2/src) by extensions ['ros']
[0.252s] Level 1:colcon.colcon_core.package_identification:_identify(/home/antorresca/Desktop/CursoDirigido/SDV_ROS2/src) by extension 'ros'
[0.302s] Level 1:colcon.colcon_core.package_identification:_identify(/home/antorresca/Desktop/CursoDirigido/SDV_ROS2/src) by extensions ['cmake', 'python']
[0.302s] Level 1:colcon.colcon_core.package_identification:_identify(/home/antorresca/Desktop/CursoDirigido/SDV_ROS2/src) by extension 'cmake'
[0.302s] Level 1:colcon.colcon_core.package_identification:_identify(/home/antorresca/Desktop/CursoDirigido/SDV_ROS2/src) by extension 'python'
[0.302s] Level 1:colcon.colcon_core.package_identification:_identify(/home/antorresca/Desktop/CursoDirigido/SDV_ROS2/src) by extensions ['python_setup_py']
[0.302s] Level 1:colcon.colcon_core.package_identification:_identify(/home/antorresca/Desktop/CursoDirigido/SDV_ROS2/src) by extension 'python_setup_py'
[0.303s] Level 1:colcon.colcon_core.package_identification:_identify(/home/antorresca/Desktop/CursoDirigido/SDV_ROS2/src/build) by extensions ['ignore', 'ignore_ament_install']
[0.303s] Level 1:colcon.colcon_core.package_identification:_identify(/home/antorresca/Desktop/CursoDirigido/SDV_ROS2/src/build) by extension 'ignore'
[0.303s] Level 1:colcon.colcon_core.package_identification:_identify(/home/antorresca/Desktop/CursoDirigido/SDV_ROS2/src/build) ignored
[0.304s] Level 1:colcon.colcon_core.package_identification:_identify(/home/antorresca/Desktop/CursoDirigido/SDV_ROS2/src/install) by extensions ['ignore', 'ignore_ament_install']
[0.304s] Level 1:colcon.colcon_core.package_identification:_identify(/home/antorresca/Desktop/CursoDirigido/SDV_ROS2/src/install) by extension 'ignore'
[0.304s] Level 1:colcon.colcon_core.package_identification:_identify(/home/antorresca/Desktop/CursoDirigido/SDV_ROS2/src/install) ignored
[0.304s] Level 1:colcon.colcon_core.package_identification:_identify(/home/antorresca/Desktop/CursoDirigido/SDV_ROS2/src/log) by extensions ['ignore', 'ignore_ament_install']
[0.305s] Level 1:colcon.colcon_core.package_identification:_identify(/home/antorresca/Desktop/CursoDirigido/SDV_ROS2/src/log) by extension 'ignore'
[0.305s] Level 1:colcon.colcon_core.package_identification:_identify(/home/antorresca/Desktop/CursoDirigido/SDV_ROS2/src/log) ignored
[0.305s] Level 1:colcon.colcon_core.package_identification:_identify(/home/antorresca/Desktop/CursoDirigido/SDV_ROS2/src/sdv_msgs) by extensions ['ignore', 'ignore_ament_install']
[0.305s] Level 1:colcon.colcon_core.package_identification:_identify(/home/antorresca/Desktop/CursoDirigido/SDV_ROS2/src/sdv_msgs) by extension 'ignore'
[0.305s] Level 1:colcon.colcon_core.package_identification:_identify(/home/antorresca/Desktop/CursoDirigido/SDV_ROS2/src/sdv_msgs) by extension 'ignore_ament_install'
[0.306s] Level 1:colcon.colcon_core.package_identification:_identify(/home/antorresca/Desktop/CursoDirigido/SDV_ROS2/src/sdv_msgs) by extensions ['colcon_pkg']
[0.306s] Level 1:colcon.colcon_core.package_identification:_identify(/home/antorresca/Desktop/CursoDirigido/SDV_ROS2/src/sdv_msgs) by extension 'colcon_pkg'
[0.306s] Level 1:colcon.colcon_core.package_identification:_identify(/home/antorresca/Desktop/CursoDirigido/SDV_ROS2/src/sdv_msgs) by extensions ['colcon_meta']
[0.306s] Level 1:colcon.colcon_core.package_identification:_identify(/home/antorresca/Desktop/CursoDirigido/SDV_ROS2/src/sdv_msgs) by extension 'colcon_meta'
[0.306s] Level 1:colcon.colcon_core.package_identification:_identify(/home/antorresca/Desktop/CursoDirigido/SDV_ROS2/src/sdv_msgs) by extensions ['ros']
[0.306s] Level 1:colcon.colcon_core.package_identification:_identify(/home/antorresca/Desktop/CursoDirigido/SDV_ROS2/src/sdv_msgs) by extension 'ros'
[0.313s] DEBUG:colcon.colcon_core.package_identification:Package '/home/antorresca/Desktop/CursoDirigido/SDV_ROS2/src/sdv_msgs' with type 'ros.ament_cmake' and name 'sdv_msgs'
[0.314s] Level 1:colcon.colcon_core.package_identification:_identify(/home/antorresca/Desktop/CursoDirigido/SDV_ROS2/src/sdv_serial) by extensions ['ignore', 'ignore_ament_install']
[0.314s] Level 1:colcon.colcon_core.package_identification:_identify(/home/antorresca/Desktop/CursoDirigido/SDV_ROS2/src/sdv_serial) by extension 'ignore'
[0.314s] Level 1:colcon.colcon_core.package_identification:_identify(/home/antorresca/Desktop/CursoDirigido/SDV_ROS2/src/sdv_serial) by extension 'ignore_ament_install'
[0.314s] Level 1:colcon.colcon_core.package_identification:_identify(/home/antorresca/Desktop/CursoDirigido/SDV_ROS2/src/sdv_serial) by extensions ['colcon_pkg']
[0.314s] Level 1:colcon.colcon_core.package_identification:_identify(/home/antorresca/Desktop/CursoDirigido/SDV_ROS2/src/sdv_serial) by extension 'colcon_pkg'
[0.314s] Level 1:colcon.colcon_core.package_identification:_identify(/home/antorresca/Desktop/CursoDirigido/SDV_ROS2/src/sdv_serial) by extensions ['colcon_meta']
[0.314s] Level 1:colcon.colcon_core.package_identification:_identify(/home/antorresca/Desktop/CursoDirigido/SDV_ROS2/src/sdv_serial) by extension 'colcon_meta'
[0.315s] Level 1:colcon.colcon_core.package_identification:_identify(/home/antorresca/Desktop/CursoDirigido/SDV_ROS2/src/sdv_serial) by extensions ['ros']
[0.315s] Level 1:colcon.colcon_core.package_identification:_identify(/home/antorresca/Desktop/CursoDirigido/SDV_ROS2/src/sdv_serial) by extension 'ros'
[0.316s] DEBUG:colcon.colcon_core.package_identification:Package '/home/antorresca/Desktop/CursoDirigido/SDV_ROS2/src/sdv_serial' with type 'ros.ament_cmake' and name 'sdv_serial'
[0.316s] Level 1:colcon.colcon_core.package_discovery:discover_packages(recursive) using defaults
