-- Found ament_cmake: 2.5.4 (/opt/ros/jazzy/share/ament_cmake/cmake)
-- Override CMake install command with custom implementation using symlinks instead of copying resources
-- Found rclcpp: 28.1.11 (/opt/ros/jazzy/share/rclcpp/cmake)
-- Found rosidl_generator_c: 4.6.6 (/opt/ros/jazzy/share/rosidl_generator_c/cmake)
-- Found rosidl_generator_cpp: 4.6.6 (/opt/ros/jazzy/share/rosidl_generator_cpp/cmake)
-- Using all available rosidl_typesupport_c: rosidl_typesupport_fastrtps_c;rosidl_typesupport_introspection_c
-- Using all available rosidl_typesupport_cpp: rosidl_typesupport_fastrtps_cpp;rosidl_typesupport_introspection_cpp
-- Found rmw_implementation_cmake: 7.3.2 (/opt/ros/jazzy/share/rmw_implementation_cmake/cmake)
-- Found rmw_fastrtps_cpp: 8.4.3 (/opt/ros/jazzy/share/rmw_fastrtps_cpp/cmake)
-- Using RMW implementation 'rmw_fastrtps_cpp' as default
-- Found std_msgs: 5.3.6 (/opt/ros/jazzy/share/std_msgs/cmake)
-- Found sensor_msgs: 5.3.6 (/opt/ros/jazzy/share/sensor_msgs/cmake)
-- Found PkgConfig: /usr/bin/pkg-config (found version "1.8.1") 
-- Checking for module 'libserial'
--   Found libserial, version 1.0.0
-- Configuring done (0.8s)
-- Generating done (0.0s)
-- Build files have been written to: /home/antorresca/Desktop/CursoDirigido/SDV_ROS2/build/sdv_serial
[ 50%] [32mBuilding CXX object CMakeFiles/sdv_serial_node.dir/src/sdv_serial_node.cpp.o[0m
[01m[K/home/antorresca/Desktop/CursoDirigido/SDV_ROS2/src/sdv_serial/src/sdv_serial_node.cpp:[m[K In constructor ‘[01m[KSdvSerialNode::[01;32m[KSdvSerialNode[m[K()[m[K’:
[01m[K/home/antorresca/Desktop/CursoDirigido/SDV_ROS2/src/sdv_serial/src/sdv_serial_node.cpp:51:20:[m[K [01;31m[Kerror: [m[K‘[01m[Kclass LibSerial::SerialPort[m[K’ has no member named ‘[01m[KSetCharSize[m[K’; did you mean ‘[01m[KSetCharacterSize[m[K’?
   51 |       serial_port_.[01;31m[KSetCharSize[m[K(CharacterSize::CHAR_SIZE_8);
      |                    [01;31m[K^~~~~~~~~~~[m[K
      |                    [32m[KSetCharacterSize[m[K
[01m[K/home/antorresca/Desktop/CursoDirigido/SDV_ROS2/src/sdv_serial/src/sdv_serial_node.cpp:[m[K In member function ‘[01m[Kvoid SdvSerialNode::[01;32m[KreadSerialTimer[m[K()[m[K’:
[01m[K/home/antorresca/Desktop/CursoDirigido/SDV_ROS2/src/sdv_serial/src/sdv_serial_node.cpp:105:48:[m[K [01;31m[Kerror: [m[Kcannot convert ‘[01m[Kint[m[K’ to ‘[01m[Kstd::string&[m[K’ {aka ‘[01m[Kstd::__cxx11::basic_string<char>&[m[K’}
  105 |       std::string line = serial_port_.ReadLine([01;31m[K1[m[K, '\n'); // timeout 1ms; ajusta
      |                                                [01;31m[K^[m[K
      |                                                [01;31m[K|[m[K
      |                                                [01;31m[Kint[m[K
In file included from [01m[K/home/antorresca/Desktop/CursoDirigido/SDV_ROS2/src/sdv_serial/src/sdv_serial_node.cpp:12[m[K:
[01m[K/usr/include/libserial/SerialPort.h:382:36:[m[K [01;36m[Knote: [m[K  initializing argument 1 of ‘[01m[Kvoid LibSerial::SerialPort::[01;32m[KReadLine[m[K(std::string&, char, size_t)[m[K’
  382 |         void ReadLine([01;36m[Kstd::string& dataString[m[K,
      |                       [01;36m[K~~~~~~~~~~~~~^~~~~~~~~~[m[K
gmake[2]: *** [CMakeFiles/sdv_serial_node.dir/build.make:76: CMakeFiles/sdv_serial_node.dir/src/sdv_serial_node.cpp.o] Error 1
gmake[1]: *** [CMakeFiles/Makefile2:137: CMakeFiles/sdv_serial_node.dir/all] Error 2
gmake: *** [Makefile:146: all] Error 2
