[0.015s] Invoking command in '/home/antorresca/Desktop/CursoDirigido/SDV_ROS2/build/sdv_serial': CMAKE_PREFIX_PATH=${CMAKE_PREFIX_PATH}:/opt/ros/jazzy DEBUGINFOD_URLS=https://debuginfod.ubuntu.com /usr/bin/cmake /home/antorresca/Desktop/CursoDirigido/SDV_ROS2/src/sdv_serial -DCMAKE_INSTALL_PREFIX=/home/antorresca/Desktop/CursoDirigido/SDV_ROS2/install/sdv_serial
[0.035s] -- Found ament_cmake: 2.5.4 (/opt/ros/jazzy/share/ament_cmake/cmake)
[0.330s] -- Override CMake install command with custom implementation using symlinks instead of copying resources
[0.347s] -- Found rclcpp: 28.1.11 (/opt/ros/jazzy/share/rclcpp/cmake)
[0.394s] -- Found rosidl_generator_c: 4.6.6 (/opt/ros/jazzy/share/rosidl_generator_c/cmake)
[0.410s] -- Found rosidl_generator_cpp: 4.6.6 (/opt/ros/jazzy/share/rosidl_generator_cpp/cmake)
[0.440s] -- Using all available rosidl_typesupport_c: rosidl_typesupport_fastrtps_c;rosidl_typesupport_introspection_c
[0.470s] -- Using all available rosidl_typesupport_cpp: rosidl_typesupport_fastrtps_cpp;rosidl_typesupport_introspection_cpp
[0.570s] -- Found rmw_implementation_cmake: 7.3.2 (/opt/ros/jazzy/share/rmw_implementation_cmake/cmake)
[0.574s] -- Found rmw_fastrtps_cpp: 8.4.3 (/opt/ros/jazzy/share/rmw_fastrtps_cpp/cmake)
[0.679s] -- Using RMW implementation 'rmw_fastrtps_cpp' as default
[0.770s] -- Found std_msgs: 5.3.6 (/opt/ros/jazzy/share/std_msgs/cmake)
[0.785s] -- Found sensor_msgs: 5.3.6 (/opt/ros/jazzy/share/sensor_msgs/cmake)
[0.947s] -- Configuring done (0.9s)
[0.962s] -- Generating done (0.0s)
[0.967s] -- Build files have been written to: /home/antorresca/Desktop/CursoDirigido/SDV_ROS2/build/sdv_serial
[0.976s] Invoked command in '/home/antorresca/Desktop/CursoDirigido/SDV_ROS2/build/sdv_serial' returned '0': CMAKE_PREFIX_PATH=${CMAKE_PREFIX_PATH}:/opt/ros/jazzy DEBUGINFOD_URLS=https://debuginfod.ubuntu.com /usr/bin/cmake /home/antorresca/Desktop/CursoDirigido/SDV_ROS2/src/sdv_serial -DCMAKE_INSTALL_PREFIX=/home/antorresca/Desktop/CursoDirigido/SDV_ROS2/install/sdv_serial
[0.977s] Invoking command in '/home/antorresca/Desktop/CursoDirigido/SDV_ROS2/build/sdv_serial': CMAKE_PREFIX_PATH=${CMAKE_PREFIX_PATH}:/opt/ros/jazzy DEBUGINFOD_URLS=https://debuginfod.ubuntu.com /usr/bin/cmake --build /home/antorresca/Desktop/CursoDirigido/SDV_ROS2/build/sdv_serial -- -j12 -l12
[1.060s] [ 50%] [32mBuilding CXX object CMakeFiles/sdv_serial_node.dir/src/sdv_serial_node.cpp.o[0m
[4.057s] [100%] [32m[1mLinking CXX executable sdv_serial_node[0m
[4.288s] [100%] Built target sdv_serial_node
[4.303s] Invoked command in '/home/antorresca/Desktop/CursoDirigido/SDV_ROS2/build/sdv_serial' returned '0': CMAKE_PREFIX_PATH=${CMAKE_PREFIX_PATH}:/opt/ros/jazzy DEBUGINFOD_URLS=https://debuginfod.ubuntu.com /usr/bin/cmake --build /home/antorresca/Desktop/CursoDirigido/SDV_ROS2/build/sdv_serial -- -j12 -l12
[4.304s] Invoking command in '/home/antorresca/Desktop/CursoDirigido/SDV_ROS2/build/sdv_serial': CMAKE_PREFIX_PATH=${CMAKE_PREFIX_PATH}:/opt/ros/jazzy DEBUGINFOD_URLS=https://debuginfod.ubuntu.com /usr/bin/cmake --install /home/antorresca/Desktop/CursoDirigido/SDV_ROS2/build/sdv_serial
[4.315s] -- Install configuration: ""
[4.315s] -- Execute custom install script
[4.316s] -- Up-to-date symlink: /home/antorresca/Desktop/CursoDirigido/SDV_ROS2/install/sdv_serial/lib/sdv_serial/sdv_serial_node
[4.316s] -- Up-to-date symlink: /home/antorresca/Desktop/CursoDirigido/SDV_ROS2/install/sdv_serial/share/ament_index/resource_index/package_run_dependencies/sdv_serial
[4.317s] -- Up-to-date symlink: /home/antorresca/Desktop/CursoDirigido/SDV_ROS2/install/sdv_serial/share/ament_index/resource_index/parent_prefix_path/sdv_serial
[4.317s] -- Up-to-date symlink: /home/antorresca/Desktop/CursoDirigido/SDV_ROS2/install/sdv_serial/share/sdv_serial/environment/ament_prefix_path.sh
[4.317s] -- Up-to-date symlink: /home/antorresca/Desktop/CursoDirigido/SDV_ROS2/install/sdv_serial/share/sdv_serial/environment/ament_prefix_path.dsv
[4.317s] -- Up-to-date symlink: /home/antorresca/Desktop/CursoDirigido/SDV_ROS2/install/sdv_serial/share/sdv_serial/environment/path.sh
[4.317s] -- Up-to-date symlink: /home/antorresca/Desktop/CursoDirigido/SDV_ROS2/install/sdv_serial/share/sdv_serial/environment/path.dsv
[4.317s] -- Up-to-date symlink: /home/antorresca/Desktop/CursoDirigido/SDV_ROS2/install/sdv_serial/share/sdv_serial/local_setup.bash
[4.317s] -- Up-to-date symlink: /home/antorresca/Desktop/CursoDirigido/SDV_ROS2/install/sdv_serial/share/sdv_serial/local_setup.sh
[4.318s] -- Up-to-date symlink: /home/antorresca/Desktop/CursoDirigido/SDV_ROS2/install/sdv_serial/share/sdv_serial/local_setup.zsh
[4.318s] -- Up-to-date symlink: /home/antorresca/Desktop/CursoDirigido/SDV_ROS2/install/sdv_serial/share/sdv_serial/local_setup.dsv
[4.318s] -- Symlinking: /home/antorresca/Desktop/CursoDirigido/SDV_ROS2/install/sdv_serial/share/sdv_serial/package.dsv
[4.330s] -- Up-to-date symlink: /home/antorresca/Desktop/CursoDirigido/SDV_ROS2/install/sdv_serial/share/ament_index/resource_index/packages/sdv_serial
[4.330s] -- Up-to-date symlink: /home/antorresca/Desktop/CursoDirigido/SDV_ROS2/install/sdv_serial/share/sdv_serial/cmake/sdv_serialConfig.cmake
[4.330s] -- Up-to-date symlink: /home/antorresca/Desktop/CursoDirigido/SDV_ROS2/install/sdv_serial/share/sdv_serial/cmake/sdv_serialConfig-version.cmake
[4.330s] -- Up-to-date symlink: /home/antorresca/Desktop/CursoDirigido/SDV_ROS2/install/sdv_serial/share/sdv_serial/package.xml
[4.333s] Invoked command in '/home/antorresca/Desktop/CursoDirigido/SDV_ROS2/build/sdv_serial' returned '0': CMAKE_PREFIX_PATH=${CMAKE_PREFIX_PATH}:/opt/ros/jazzy DEBUGINFOD_URLS=https://debuginfod.ubuntu.com /usr/bin/cmake --install /home/antorresca/Desktop/CursoDirigido/SDV_ROS2/build/sdv_serial
