[0.011s] Invoking command in '/home/antorresca/Desktop/CursoDirigido/SDV_ROS2/src/build/serial': DEBUGINFOD_URLS=https://debuginfod.ubuntu.com /usr/bin/cmake /home/antorresca/Desktop/CursoDirigido/SDV_ROS2/src/serial -DCATKIN_INSTALL_INTO_PREFIX_ROOT=0 -DCATKIN_SYMLINK_INSTALL=ON -DCMAKE_INSTALL_PREFIX=/home/antorresca/Desktop/CursoDirigido/SDV_ROS2/src/install/serial
[0.020s] [0mCMake Deprecation Warning at CMakeLists.txt:1 (cmake_minimum_required):
[0.020s]   Compatibility with CMake < 3.5 will be removed from a future version of
[0.020s]   CMake.
[0.021s] 
[0.021s]   Update the VERSION argument <min> value or use a ...<max> suffix to tell
[0.021s]   CMake that the project does not need compatibility with older versions.
[0.021s] 
[0.021s] [0m
[0.125s] -- The C compiler identification is GNU 13.3.0
[0.221s] -- The CXX compiler identification is GNU 13.3.0
[0.243s] -- Detecting C compiler ABI info
[0.348s] -- Detecting C compiler ABI info - done
[0.361s] -- Check for working C compiler: /usr/bin/cc - skipped
[0.361s] -- Detecting C compile features
[0.362s] -- Detecting C compile features - done
[0.372s] -- Detecting CXX compiler ABI info
[0.500s] -- Detecting CXX compiler ABI info - done
[0.516s] -- Check for working CXX compiler: /usr/bin/c++ - skipped
[0.516s] -- Detecting CXX compile features
[0.517s] -- Detecting CXX compile features - done
[0.534s] [31mCMake Error at CMakeLists.txt:5 (find_package):
[0.534s]   By not providing "Findcatkin.cmake" in CMAKE_MODULE_PATH this project has
[0.534s]   asked CMake to find a package configuration file provided by "catkin", but
[0.534s]   CMake did not find one.
[0.534s] 
[0.534s]   Could not find a package configuration file provided by "catkin" with any
[0.535s]   of the following names:
[0.535s] 
[0.535s]     catkinConfig.cmake
[0.535s]     catkin-config.cmake
[0.535s] 
[0.535s]   Add the installation prefix of "catkin" to CMAKE_PREFIX_PATH or set
[0.535s]   "catkin_DIR" to a directory containing one of the above files.  If "catkin"
[0.535s]   provides a separate development package or SDK, be sure it has been
[0.535s]   installed.
[0.535s] 
[0.535s] [0m
[0.535s] -- Configuring incomplete, errors occurred!
[0.538s] Invoked command in '/home/antorresca/Desktop/CursoDirigido/SDV_ROS2/src/build/serial' returned '1': DEBUGINFOD_URLS=https://debuginfod.ubuntu.com /usr/bin/cmake /home/antorresca/Desktop/CursoDirigido/SDV_ROS2/src/serial -DCATKIN_INSTALL_INTO_PREFIX_ROOT=0 -DCATKIN_SYMLINK_INSTALL=ON -DCMAKE_INSTALL_PREFIX=/home/antorresca/Desktop/CursoDirigido/SDV_ROS2/src/install/serial
