[0.000000] (-) TimerEvent: {}
[0.000994] (sdv_msgs) JobQueued: {'identifier': 'sdv_msgs', 'dependencies': OrderedDict()}
[0.003076] (sdv_serial) JobQueued: {'identifier': 'sdv_serial', 'dependencies': OrderedDict()}
[0.003308] (sdv_msgs) JobStarted: {'identifier': 'sdv_msgs'}
[0.024603] (sdv_serial) JobStarted: {'identifier': 'sdv_serial'}
[0.043540] (sdv_msgs) JobProgress: {'identifier': 'sdv_msgs', 'progress': 'cmake'}
[0.044997] (sdv_msgs) JobProgress: {'identifier': 'sdv_msgs', 'progress': 'build'}
[0.046855] (sdv_msgs) Command: {'cmd': ['/usr/bin/cmake', '--build', '/home/antorresca/Desktop/CursoDirigido/SDV_ROS2/build/sdv_msgs', '--', '-j12', '-l12'], 'cwd': '/home/antorresca/Desktop/CursoDirigido/SDV_ROS2/build/sdv_msgs', 'env': OrderedDict({'USER': 'antorresca', 'GZ_CONFIG_PATH': '/opt/ros/jazzy/opt/gz_sim_vendor/share/gz:/opt/ros/jazzy/opt/sdformat_vendor/share/gz:/opt/ros/jazzy/opt/gz_gui_vendor/share/gz:/opt/ros/jazzy/opt/gz_transport_vendor/share/gz:/opt/ros/jazzy/opt/gz_rendering_vendor/share/gz:/opt/ros/jazzy/opt/gz_plugin_vendor/share/gz:/opt/ros/jazzy/opt/gz_fuel_tools_vendor/share/gz:/opt/ros/jazzy/opt/gz_msgs_vendor/share/gz:/opt/ros/jazzy/opt/gz_common_vendor/share/gz', 'XDG_SESSION_TYPE': 'x11', 'SHLVL': '1', 'LD_LIBRARY_PATH': '/opt/ros/jazzy/opt/gz_sim_vendor/lib:/opt/ros/jazzy/opt/gz_sensors_vendor/lib:/opt/ros/jazzy/opt/gz_physics_vendor/lib:/opt/ros/jazzy/opt/sdformat_vendor/lib:/opt/ros/jazzy/opt/rviz_ogre_vendor/lib:/opt/ros/jazzy/lib/x86_64-linux-gnu:/opt/ros/jazzy/opt/gz_gui_vendor/lib:/opt/ros/jazzy/opt/gz_transport_vendor/lib:/opt/ros/jazzy/opt/gz_rendering_vendor/lib:/opt/ros/jazzy/opt/gz_plugin_vendor/lib:/opt/ros/jazzy/opt/gz_fuel_tools_vendor/lib:/opt/ros/jazzy/opt/gz_msgs_vendor/lib:/opt/ros/jazzy/opt/gz_common_vendor/lib:/opt/ros/jazzy/opt/gz_math_vendor/lib:/opt/ros/jazzy/opt/gz_utils_vendor/lib:/opt/ros/jazzy/opt/gz_tools_vendor/lib:/opt/ros/jazzy/opt/gz_ogre_next_vendor/lib:/opt/ros/jazzy/opt/gz_dartsim_vendor/lib:/opt/ros/jazzy/opt/gz_cmake_vendor/lib:/opt/ros/jazzy/lib', 'HOME': '/home/antorresca', 'OLDPWD': '/home/antorresca', 'DESKTOP_SESSION': 'ubuntu', 'ROS_PYTHON_VERSION': '3', 'GNOME_SHELL_SESSION_MODE': 'ubuntu', 'GTK_MODULES': 'gail:atk-bridge', 'SYSTEMD_EXEC_PID': '3135', 'GSM_SKIP_SSH_AGENT_WORKAROUND': 'true', 'DBUS_SESSION_BUS_ADDRESS': 'unix:path=/run/user/1000/bus', 'COLORTERM': 'truecolor', 'GNOME_KEYRING_CONTROL': '/run/user/1000/keyring', 'DEBUGINFOD_URLS': 'https://debuginfod.ubuntu.com', 'COLCON_PREFIX_PATH': '/home/antorresca/Desktop/CursoDirigido/SDV_ROS2/install', 'ROS_DISTRO': 'jazzy', 'LOGNAME': 'antorresca', '_': '/usr/bin/colcon', 'ROS_VERSION': '2', 'MEMORY_PRESSURE_WATCH': '/sys/fs/cgroup/user.slice/user-1000.slice/user@1000.service/session.slice/org.gnome.SettingsDaemon.MediaKeys.service/memory.pressure', 'XDG_SESSION_CLASS': 'user', 'USERNAME': 'antorresca', 'TERM': 'xterm-256color', 'GNOME_DESKTOP_SESSION_ID': 'this-is-deprecated', 'WINDOWPATH': '2', 'PATH': '/home/antorresca/.local/bin:/opt/ros/jazzy/opt/gz_msgs_vendor/bin:/opt/ros/jazzy/opt/gz_tools_vendor/bin:/opt/ros/jazzy/opt/gz_ogre_next_vendor/bin:/opt/ros/jazzy/bin:/usr/local/sbin:/usr/local/bin:/usr/sbin:/usr/bin:/sbin:/bin:/usr/games:/usr/local/games:/snap/bin:/snap/bin', 'SESSION_MANAGER': 'local/antorresca-ubuntu:@/tmp/.ICE-unix/2874,unix/antorresca-ubuntu:/tmp/.ICE-unix/2874', 'XDG_MENU_PREFIX': 'gnome-', 'GNOME_TERMINAL_SCREEN': '/org/gnome/Terminal/screen/997c3f99_52f0_4f24_9dea_46a1e7e147a2', 'XDG_RUNTIME_DIR': '/run/user/1000', 'DISPLAY': ':1', 'LANG': 'en_US.UTF-8', 'XDG_CURRENT_DESKTOP': 'ubuntu:GNOME', 'XMODIFIERS': '@im=ibus', 'XDG_SESSION_DESKTOP': 'ubuntu', 'XAUTHORITY': '/run/user/1000/gdm/Xauthority', 'GNOME_TERMINAL_SERVICE': ':1.95', 'SSH_AUTH_SOCK': '/run/user/1000/keyring/ssh', 'AMENT_PREFIX_PATH': '/home/antorresca/Desktop/CursoDirigido/SDV_ROS2/install/sdv_serial:/home/antorresca/Desktop/CursoDirigido/SDV_ROS2/install/sdv_msgs:/opt/ros/jazzy', 'SHELL': '/bin/bash', 'QT_ACCESSIBILITY': '1', 'GDMSESSION': 'ubuntu', 'GPG_AGENT_INFO': '/run/user/1000/gnupg/S.gpg-agent:0:1', 'ROS_AUTOMATIC_DISCOVERY_RANGE': 'SUBNET', 'QT_IM_MODULE': 'ibus', 'PWD': '/home/antorresca/Desktop/CursoDirigido/SDV_ROS2/build/sdv_msgs', 'LC_ALL': 'en_US.UTF-8', 'XDG_CONFIG_DIRS': '/etc/xdg/xdg-ubuntu:/etc/xdg', 'XDG_DATA_DIRS': '/usr/share/ubuntu:/usr/share/gnome:/usr/local/share/:/usr/share/:/var/lib/snapd/desktop', 'PYTHONPATH': '/opt/ros/jazzy/lib/python3.12/site-packages', 'COLCON': '1', 'MEMORY_PRESSURE_WRITE': 'c29tZSAyMDAwMDAgMjAwMDAwMAA=', 'VTE_VERSION': '7600', 'CMAKE_PREFIX_PATH': '/home/antorresca/Desktop/CursoDirigido/SDV_ROS2/install/sdv_serial:/home/antorresca/Desktop/CursoDirigido/SDV_ROS2/install/sdv_msgs:/opt/ros/jazzy/opt/gz_sim_vendor:/opt/ros/jazzy/opt/gz_sensors_vendor:/opt/ros/jazzy/opt/gz_physics_vendor:/opt/ros/jazzy/opt/sdformat_vendor:/opt/ros/jazzy/opt/gz_gui_vendor:/opt/ros/jazzy/opt/gz_transport_vendor:/opt/ros/jazzy/opt/gz_rendering_vendor:/opt/ros/jazzy/opt/gz_plugin_vendor:/opt/ros/jazzy/opt/gz_fuel_tools_vendor:/opt/ros/jazzy/opt/gz_msgs_vendor:/opt/ros/jazzy/opt/gz_common_vendor:/opt/ros/jazzy/opt/gz_math_vendor:/opt/ros/jazzy/opt/gz_utils_vendor:/opt/ros/jazzy/opt/gz_tools_vendor:/opt/ros/jazzy/opt/gz_ogre_next_vendor:/opt/ros/jazzy/opt/gz_dartsim_vendor:/opt/ros/jazzy/opt/gz_cmake_vendor:/opt/ros/jazzy'}), 'shell': False}
[0.061021] (sdv_serial) JobProgress: {'identifier': 'sdv_serial', 'progress': 'cmake'}
[0.063862] (sdv_serial) JobProgress: {'identifier': 'sdv_serial', 'progress': 'build'}
[0.066443] (sdv_serial) Command: {'cmd': ['/usr/bin/cmake', '--build', '/home/antorresca/Desktop/CursoDirigido/SDV_ROS2/build/sdv_serial', '--', '-j12', '-l12'], 'cwd': '/home/antorresca/Desktop/CursoDirigido/SDV_ROS2/build/sdv_serial', 'env': OrderedDict({'USER': 'antorresca', 'GZ_CONFIG_PATH': '/opt/ros/jazzy/opt/gz_sim_vendor/share/gz:/opt/ros/jazzy/opt/sdformat_vendor/share/gz:/opt/ros/jazzy/opt/gz_gui_vendor/share/gz:/opt/ros/jazzy/opt/gz_transport_vendor/share/gz:/opt/ros/jazzy/opt/gz_rendering_vendor/share/gz:/opt/ros/jazzy/opt/gz_plugin_vendor/share/gz:/opt/ros/jazzy/opt/gz_fuel_tools_vendor/share/gz:/opt/ros/jazzy/opt/gz_msgs_vendor/share/gz:/opt/ros/jazzy/opt/gz_common_vendor/share/gz', 'XDG_SESSION_TYPE': 'x11', 'SHLVL': '1', 'LD_LIBRARY_PATH': '/opt/ros/jazzy/opt/gz_sim_vendor/lib:/opt/ros/jazzy/opt/gz_sensors_vendor/lib:/opt/ros/jazzy/opt/gz_physics_vendor/lib:/opt/ros/jazzy/opt/sdformat_vendor/lib:/opt/ros/jazzy/opt/rviz_ogre_vendor/lib:/opt/ros/jazzy/lib/x86_64-linux-gnu:/opt/ros/jazzy/opt/gz_gui_vendor/lib:/opt/ros/jazzy/opt/gz_transport_vendor/lib:/opt/ros/jazzy/opt/gz_rendering_vendor/lib:/opt/ros/jazzy/opt/gz_plugin_vendor/lib:/opt/ros/jazzy/opt/gz_fuel_tools_vendor/lib:/opt/ros/jazzy/opt/gz_msgs_vendor/lib:/opt/ros/jazzy/opt/gz_common_vendor/lib:/opt/ros/jazzy/opt/gz_math_vendor/lib:/opt/ros/jazzy/opt/gz_utils_vendor/lib:/opt/ros/jazzy/opt/gz_tools_vendor/lib:/opt/ros/jazzy/opt/gz_ogre_next_vendor/lib:/opt/ros/jazzy/opt/gz_dartsim_vendor/lib:/opt/ros/jazzy/opt/gz_cmake_vendor/lib:/opt/ros/jazzy/lib', 'HOME': '/home/antorresca', 'OLDPWD': '/home/antorresca', 'DESKTOP_SESSION': 'ubuntu', 'ROS_PYTHON_VERSION': '3', 'GNOME_SHELL_SESSION_MODE': 'ubuntu', 'GTK_MODULES': 'gail:atk-bridge', 'SYSTEMD_EXEC_PID': '3135', 'GSM_SKIP_SSH_AGENT_WORKAROUND': 'true', 'DBUS_SESSION_BUS_ADDRESS': 'unix:path=/run/user/1000/bus', 'COLORTERM': 'truecolor', 'GNOME_KEYRING_CONTROL': '/run/user/1000/keyring', 'DEBUGINFOD_URLS': 'https://debuginfod.ubuntu.com', 'COLCON_PREFIX_PATH': '/home/antorresca/Desktop/CursoDirigido/SDV_ROS2/install', 'ROS_DISTRO': 'jazzy', 'LOGNAME': 'antorresca', '_': '/usr/bin/colcon', 'ROS_VERSION': '2', 'MEMORY_PRESSURE_WATCH': '/sys/fs/cgroup/user.slice/user-1000.slice/user@1000.service/session.slice/org.gnome.SettingsDaemon.MediaKeys.service/memory.pressure', 'XDG_SESSION_CLASS': 'user', 'USERNAME': 'antorresca', 'TERM': 'xterm-256color', 'GNOME_DESKTOP_SESSION_ID': 'this-is-deprecated', 'WINDOWPATH': '2', 'PATH': '/home/antorresca/.local/bin:/opt/ros/jazzy/opt/gz_msgs_vendor/bin:/opt/ros/jazzy/opt/gz_tools_vendor/bin:/opt/ros/jazzy/opt/gz_ogre_next_vendor/bin:/opt/ros/jazzy/bin:/usr/local/sbin:/usr/local/bin:/usr/sbin:/usr/bin:/sbin:/bin:/usr/games:/usr/local/games:/snap/bin:/snap/bin', 'SESSION_MANAGER': 'local/antorresca-ubuntu:@/tmp/.ICE-unix/2874,unix/antorresca-ubuntu:/tmp/.ICE-unix/2874', 'XDG_MENU_PREFIX': 'gnome-', 'GNOME_TERMINAL_SCREEN': '/org/gnome/Terminal/screen/997c3f99_52f0_4f24_9dea_46a1e7e147a2', 'XDG_RUNTIME_DIR': '/run/user/1000', 'DISPLAY': ':1', 'LANG': 'en_US.UTF-8', 'XDG_CURRENT_DESKTOP': 'ubuntu:GNOME', 'XMODIFIERS': '@im=ibus', 'XDG_SESSION_DESKTOP': 'ubuntu', 'XAUTHORITY': '/run/user/1000/gdm/Xauthority', 'GNOME_TERMINAL_SERVICE': ':1.95', 'SSH_AUTH_SOCK': '/run/user/1000/keyring/ssh', 'AMENT_PREFIX_PATH': '/home/antorresca/Desktop/CursoDirigido/SDV_ROS2/install/sdv_serial:/home/antorresca/Desktop/CursoDirigido/SDV_ROS2/install/sdv_msgs:/opt/ros/jazzy', 'SHELL': '/bin/bash', 'QT_ACCESSIBILITY': '1', 'GDMSESSION': 'ubuntu', 'GPG_AGENT_INFO': '/run/user/1000/gnupg/S.gpg-agent:0:1', 'ROS_AUTOMATIC_DISCOVERY_RANGE': 'SUBNET', 'QT_IM_MODULE': 'ibus', 'PWD': '/home/antorresca/Desktop/CursoDirigido/SDV_ROS2/build/sdv_serial', 'LC_ALL': 'en_US.UTF-8', 'XDG_CONFIG_DIRS': '/etc/xdg/xdg-ubuntu:/etc/xdg', 'XDG_DATA_DIRS': '/usr/share/ubuntu:/usr/share/gnome:/usr/local/share/:/usr/share/:/var/lib/snapd/desktop', 'PYTHONPATH': '/opt/ros/jazzy/lib/python3.12/site-packages', 'COLCON': '1', 'MEMORY_PRESSURE_WRITE': 'c29tZSAyMDAwMDAgMjAwMDAwMAA=', 'VTE_VERSION': '7600', 'CMAKE_PREFIX_PATH': '/home/antorresca/Desktop/CursoDirigido/SDV_ROS2/install/sdv_serial:/home/antorresca/Desktop/CursoDirigido/SDV_ROS2/install/sdv_msgs:/opt/ros/jazzy/opt/gz_sim_vendor:/opt/ros/jazzy/opt/gz_sensors_vendor:/opt/ros/jazzy/opt/gz_physics_vendor:/opt/ros/jazzy/opt/sdformat_vendor:/opt/ros/jazzy/opt/gz_gui_vendor:/opt/ros/jazzy/opt/gz_transport_vendor:/opt/ros/jazzy/opt/gz_rendering_vendor:/opt/ros/jazzy/opt/gz_plugin_vendor:/opt/ros/jazzy/opt/gz_fuel_tools_vendor:/opt/ros/jazzy/opt/gz_msgs_vendor:/opt/ros/jazzy/opt/gz_common_vendor:/opt/ros/jazzy/opt/gz_math_vendor:/opt/ros/jazzy/opt/gz_utils_vendor:/opt/ros/jazzy/opt/gz_tools_vendor:/opt/ros/jazzy/opt/gz_ogre_next_vendor:/opt/ros/jazzy/opt/gz_dartsim_vendor:/opt/ros/jazzy/opt/gz_cmake_vendor:/opt/ros/jazzy'}), 'shell': False}
[0.099206] (-) TimerEvent: {}
[0.199894] (-) TimerEvent: {}
[0.202454] (sdv_msgs) CommandEnded: {'returncode': 0}
[0.204476] (sdv_msgs) JobProgress: {'identifier': 'sdv_msgs', 'progress': 'install'}
[0.239058] (sdv_msgs) Command: {'cmd': ['/usr/bin/cmake', '--install', '/home/antorresca/Desktop/CursoDirigido/SDV_ROS2/build/sdv_msgs'], 'cwd': '/home/antorresca/Desktop/CursoDirigido/SDV_ROS2/build/sdv_msgs', 'env': OrderedDict({'USER': 'antorresca', 'GZ_CONFIG_PATH': '/opt/ros/jazzy/opt/gz_sim_vendor/share/gz:/opt/ros/jazzy/opt/sdformat_vendor/share/gz:/opt/ros/jazzy/opt/gz_gui_vendor/share/gz:/opt/ros/jazzy/opt/gz_transport_vendor/share/gz:/opt/ros/jazzy/opt/gz_rendering_vendor/share/gz:/opt/ros/jazzy/opt/gz_plugin_vendor/share/gz:/opt/ros/jazzy/opt/gz_fuel_tools_vendor/share/gz:/opt/ros/jazzy/opt/gz_msgs_vendor/share/gz:/opt/ros/jazzy/opt/gz_common_vendor/share/gz', 'XDG_SESSION_TYPE': 'x11', 'SHLVL': '1', 'LD_LIBRARY_PATH': '/opt/ros/jazzy/opt/gz_sim_vendor/lib:/opt/ros/jazzy/opt/gz_sensors_vendor/lib:/opt/ros/jazzy/opt/gz_physics_vendor/lib:/opt/ros/jazzy/opt/sdformat_vendor/lib:/opt/ros/jazzy/opt/rviz_ogre_vendor/lib:/opt/ros/jazzy/lib/x86_64-linux-gnu:/opt/ros/jazzy/opt/gz_gui_vendor/lib:/opt/ros/jazzy/opt/gz_transport_vendor/lib:/opt/ros/jazzy/opt/gz_rendering_vendor/lib:/opt/ros/jazzy/opt/gz_plugin_vendor/lib:/opt/ros/jazzy/opt/gz_fuel_tools_vendor/lib:/opt/ros/jazzy/opt/gz_msgs_vendor/lib:/opt/ros/jazzy/opt/gz_common_vendor/lib:/opt/ros/jazzy/opt/gz_math_vendor/lib:/opt/ros/jazzy/opt/gz_utils_vendor/lib:/opt/ros/jazzy/opt/gz_tools_vendor/lib:/opt/ros/jazzy/opt/gz_ogre_next_vendor/lib:/opt/ros/jazzy/opt/gz_dartsim_vendor/lib:/opt/ros/jazzy/opt/gz_cmake_vendor/lib:/opt/ros/jazzy/lib', 'HOME': '/home/antorresca', 'OLDPWD': '/home/antorresca', 'DESKTOP_SESSION': 'ubuntu', 'ROS_PYTHON_VERSION': '3', 'GNOME_SHELL_SESSION_MODE': 'ubuntu', 'GTK_MODULES': 'gail:atk-bridge', 'SYSTEMD_EXEC_PID': '3135', 'GSM_SKIP_SSH_AGENT_WORKAROUND': 'true', 'DBUS_SESSION_BUS_ADDRESS': 'unix:path=/run/user/1000/bus', 'COLORTERM': 'truecolor', 'GNOME_KEYRING_CONTROL': '/run/user/1000/keyring', 'DEBUGINFOD_URLS': 'https://debuginfod.ubuntu.com', 'COLCON_PREFIX_PATH': '/home/antorresca/Desktop/CursoDirigido/SDV_ROS2/install', 'ROS_DISTRO': 'jazzy', 'LOGNAME': 'antorresca', '_': '/usr/bin/colcon', 'ROS_VERSION': '2', 'MEMORY_PRESSURE_WATCH': '/sys/fs/cgroup/user.slice/user-1000.slice/user@1000.service/session.slice/org.gnome.SettingsDaemon.MediaKeys.service/memory.pressure', 'XDG_SESSION_CLASS': 'user', 'USERNAME': 'antorresca', 'TERM': 'xterm-256color', 'GNOME_DESKTOP_SESSION_ID': 'this-is-deprecated', 'WINDOWPATH': '2', 'PATH': '/home/antorresca/.local/bin:/opt/ros/jazzy/opt/gz_msgs_vendor/bin:/opt/ros/jazzy/opt/gz_tools_vendor/bin:/opt/ros/jazzy/opt/gz_ogre_next_vendor/bin:/opt/ros/jazzy/bin:/usr/local/sbin:/usr/local/bin:/usr/sbin:/usr/bin:/sbin:/bin:/usr/games:/usr/local/games:/snap/bin:/snap/bin', 'SESSION_MANAGER': 'local/antorresca-ubuntu:@/tmp/.ICE-unix/2874,unix/antorresca-ubuntu:/tmp/.ICE-unix/2874', 'XDG_MENU_PREFIX': 'gnome-', 'GNOME_TERMINAL_SCREEN': '/org/gnome/Terminal/screen/997c3f99_52f0_4f24_9dea_46a1e7e147a2', 'XDG_RUNTIME_DIR': '/run/user/1000', 'DISPLAY': ':1', 'LANG': 'en_US.UTF-8', 'XDG_CURRENT_DESKTOP': 'ubuntu:GNOME', 'XMODIFIERS': '@im=ibus', 'XDG_SESSION_DESKTOP': 'ubuntu', 'XAUTHORITY': '/run/user/1000/gdm/Xauthority', 'GNOME_TERMINAL_SERVICE': ':1.95', 'SSH_AUTH_SOCK': '/run/user/1000/keyring/ssh', 'AMENT_PREFIX_PATH': '/home/antorresca/Desktop/CursoDirigido/SDV_ROS2/install/sdv_serial:/home/antorresca/Desktop/CursoDirigido/SDV_ROS2/install/sdv_msgs:/opt/ros/jazzy', 'SHELL': '/bin/bash', 'QT_ACCESSIBILITY': '1', 'GDMSESSION': 'ubuntu', 'GPG_AGENT_INFO': '/run/user/1000/gnupg/S.gpg-agent:0:1', 'ROS_AUTOMATIC_DISCOVERY_RANGE': 'SUBNET', 'QT_IM_MODULE': 'ibus', 'PWD': '/home/antorresca/Desktop/CursoDirigido/SDV_ROS2/build/sdv_msgs', 'LC_ALL': 'en_US.UTF-8', 'XDG_CONFIG_DIRS': '/etc/xdg/xdg-ubuntu:/etc/xdg', 'XDG_DATA_DIRS': '/usr/share/ubuntu:/usr/share/gnome:/usr/local/share/:/usr/share/:/var/lib/snapd/desktop', 'PYTHONPATH': '/opt/ros/jazzy/lib/python3.12/site-packages', 'COLCON': '1', 'MEMORY_PRESSURE_WRITE': 'c29tZSAyMDAwMDAgMjAwMDAwMAA=', 'VTE_VERSION': '7600', 'CMAKE_PREFIX_PATH': '/home/antorresca/Desktop/CursoDirigido/SDV_ROS2/install/sdv_serial:/home/antorresca/Desktop/CursoDirigido/SDV_ROS2/install/sdv_msgs:/opt/ros/jazzy/opt/gz_sim_vendor:/opt/ros/jazzy/opt/gz_sensors_vendor:/opt/ros/jazzy/opt/gz_physics_vendor:/opt/ros/jazzy/opt/sdformat_vendor:/opt/ros/jazzy/opt/gz_gui_vendor:/opt/ros/jazzy/opt/gz_transport_vendor:/opt/ros/jazzy/opt/gz_rendering_vendor:/opt/ros/jazzy/opt/gz_plugin_vendor:/opt/ros/jazzy/opt/gz_fuel_tools_vendor:/opt/ros/jazzy/opt/gz_msgs_vendor:/opt/ros/jazzy/opt/gz_common_vendor:/opt/ros/jazzy/opt/gz_math_vendor:/opt/ros/jazzy/opt/gz_utils_vendor:/opt/ros/jazzy/opt/gz_tools_vendor:/opt/ros/jazzy/opt/gz_ogre_next_vendor:/opt/ros/jazzy/opt/gz_dartsim_vendor:/opt/ros/jazzy/opt/gz_cmake_vendor:/opt/ros/jazzy'}), 'shell': False}
[0.267450] (sdv_msgs) StdoutLine: {'line': b'-- Install configuration: ""\n'}
[0.268567] (sdv_msgs) StdoutLine: {'line': b'-- Execute custom install script\n'}
[0.269278] (sdv_msgs) StdoutLine: {'line': b'-- Up-to-date symlink: /home/antorresca/Desktop/CursoDirigido/SDV_ROS2/install/sdv_msgs/share/ament_index/resource_index/package_run_dependencies/sdv_msgs\n'}
[0.269869] (sdv_msgs) StdoutLine: {'line': b'-- Up-to-date symlink: /home/antorresca/Desktop/CursoDirigido/SDV_ROS2/install/sdv_msgs/share/ament_index/resource_index/parent_prefix_path/sdv_msgs\n'}
[0.270427] (sdv_msgs) StdoutLine: {'line': b'-- Up-to-date symlink: /home/antorresca/Desktop/CursoDirigido/SDV_ROS2/install/sdv_msgs/share/sdv_msgs/environment/ament_prefix_path.sh\n'}
[0.271027] (sdv_msgs) StdoutLine: {'line': b'-- Up-to-date symlink: /home/antorresca/Desktop/CursoDirigido/SDV_ROS2/install/sdv_msgs/share/sdv_msgs/environment/ament_prefix_path.dsv\n'}
[0.271510] (sdv_msgs) StdoutLine: {'line': b'-- Up-to-date symlink: /home/antorresca/Desktop/CursoDirigido/SDV_ROS2/install/sdv_msgs/share/sdv_msgs/environment/path.sh\n'}
[0.272148] (sdv_msgs) StdoutLine: {'line': b'-- Up-to-date symlink: /home/antorresca/Desktop/CursoDirigido/SDV_ROS2/install/sdv_msgs/share/sdv_msgs/environment/path.dsv\n'}
[0.272818] (sdv_msgs) StdoutLine: {'line': b'-- Up-to-date symlink: /home/antorresca/Desktop/CursoDirigido/SDV_ROS2/install/sdv_msgs/share/sdv_msgs/local_setup.bash\n'}
[0.273323] (sdv_msgs) StdoutLine: {'line': b'-- Up-to-date symlink: /home/antorresca/Desktop/CursoDirigido/SDV_ROS2/install/sdv_msgs/share/sdv_msgs/local_setup.sh\n'}
[0.273775] (sdv_msgs) StdoutLine: {'line': b'-- Up-to-date symlink: /home/antorresca/Desktop/CursoDirigido/SDV_ROS2/install/sdv_msgs/share/sdv_msgs/local_setup.zsh\n'}
[0.274233] (sdv_msgs) StdoutLine: {'line': b'-- Up-to-date symlink: /home/antorresca/Desktop/CursoDirigido/SDV_ROS2/install/sdv_msgs/share/sdv_msgs/local_setup.dsv\n'}
[0.274694] (sdv_msgs) StdoutLine: {'line': b'-- Symlinking: /home/antorresca/Desktop/CursoDirigido/SDV_ROS2/install/sdv_msgs/share/sdv_msgs/package.dsv\n'}
[0.300112] (-) TimerEvent: {}
[0.309072] (sdv_msgs) StdoutLine: {'line': b'-- Up-to-date symlink: /home/antorresca/Desktop/CursoDirigido/SDV_ROS2/install/sdv_msgs/share/ament_index/resource_index/packages/sdv_msgs\n'}
[0.309841] (sdv_msgs) StdoutLine: {'line': b'-- Up-to-date symlink: /home/antorresca/Desktop/CursoDirigido/SDV_ROS2/install/sdv_msgs/share/sdv_msgs/cmake/sdv_msgsConfig.cmake\n'}
[0.310347] (sdv_msgs) StdoutLine: {'line': b'-- Up-to-date symlink: /home/antorresca/Desktop/CursoDirigido/SDV_ROS2/install/sdv_msgs/share/sdv_msgs/cmake/sdv_msgsConfig-version.cmake\n'}
[0.311170] (sdv_msgs) StdoutLine: {'line': b'-- Up-to-date symlink: /home/antorresca/Desktop/CursoDirigido/SDV_ROS2/install/sdv_msgs/share/sdv_msgs/package.xml\n'}
[0.317955] (sdv_msgs) CommandEnded: {'returncode': 0}
[0.320094] (sdv_serial) StdoutLine: {'line': b'[ 50%] \x1b[32mBuilding CXX object CMakeFiles/sdv_serial_node.dir/src/sdv_serial_node.cpp.o\x1b[0m\n'}
[0.364560] (sdv_msgs) JobEnded: {'identifier': 'sdv_msgs', 'rc': 0}
[0.400323] (-) TimerEvent: {}
[0.500900] (-) TimerEvent: {}
[0.601481] (-) TimerEvent: {}
[0.702062] (-) TimerEvent: {}
[0.802662] (-) TimerEvent: {}
[0.903347] (-) TimerEvent: {}
[1.003949] (-) TimerEvent: {}
[1.104608] (-) TimerEvent: {}
[1.205217] (-) TimerEvent: {}
[1.305826] (-) TimerEvent: {}
[1.406446] (-) TimerEvent: {}
[1.507057] (-) TimerEvent: {}
[1.607667] (-) TimerEvent: {}
[1.708224] (-) TimerEvent: {}
[1.808679] (-) TimerEvent: {}
[1.909207] (-) TimerEvent: {}
[2.009654] (-) TimerEvent: {}
[2.110176] (-) TimerEvent: {}
[2.210682] (-) TimerEvent: {}
[2.311222] (-) TimerEvent: {}
[2.411732] (-) TimerEvent: {}
[2.512305] (-) TimerEvent: {}
[2.612810] (-) TimerEvent: {}
[2.713342] (-) TimerEvent: {}
[2.814158] (-) TimerEvent: {}
[2.914660] (-) TimerEvent: {}
[3.015195] (-) TimerEvent: {}
[3.115697] (-) TimerEvent: {}
[3.216237] (-) TimerEvent: {}
[3.316731] (-) TimerEvent: {}
[3.417270] (-) TimerEvent: {}
[3.517768] (-) TimerEvent: {}
[3.618301] (-) TimerEvent: {}
[3.718802] (-) TimerEvent: {}
[3.819357] (-) TimerEvent: {}
[3.919850] (-) TimerEvent: {}
[4.020386] (-) TimerEvent: {}
[4.120860] (-) TimerEvent: {}
[4.221387] (-) TimerEvent: {}
[4.321875] (-) TimerEvent: {}
[4.422402] (-) TimerEvent: {}
[4.522904] (-) TimerEvent: {}
[4.623439] (-) TimerEvent: {}
[4.723963] (-) TimerEvent: {}
[4.824466] (-) TimerEvent: {}
[4.924990] (-) TimerEvent: {}
[5.025493] (-) TimerEvent: {}
[5.126020] (-) TimerEvent: {}
[5.226528] (-) TimerEvent: {}
[5.327056] (-) TimerEvent: {}
[5.427522] (-) TimerEvent: {}
[5.528165] (-) TimerEvent: {}
[5.628654] (-) TimerEvent: {}
[5.729166] (-) TimerEvent: {}
[5.829629] (-) TimerEvent: {}
[5.930092] (-) TimerEvent: {}
[6.030554] (-) TimerEvent: {}
[6.131016] (-) TimerEvent: {}
[6.231477] (-) TimerEvent: {}
[6.331964] (-) TimerEvent: {}
[6.432429] (-) TimerEvent: {}
[6.532888] (-) TimerEvent: {}
[6.633378] (-) TimerEvent: {}
[6.733857] (-) TimerEvent: {}
[6.803129] (sdv_serial) StdoutLine: {'line': b'[100%] \x1b[32m\x1b[1mLinking CXX executable sdv_serial_node\x1b[0m\n'}
[6.834208] (-) TimerEvent: {}
[6.934689] (-) TimerEvent: {}
[7.035256] (-) TimerEvent: {}
[7.064217] (sdv_serial) StdoutLine: {'line': b'[100%] Built target sdv_serial_node\n'}
[7.088276] (sdv_serial) CommandEnded: {'returncode': 0}
[7.089192] (sdv_serial) JobProgress: {'identifier': 'sdv_serial', 'progress': 'install'}
[7.089978] (sdv_serial) Command: {'cmd': ['/usr/bin/cmake', '--install', '/home/antorresca/Desktop/CursoDirigido/SDV_ROS2/build/sdv_serial'], 'cwd': '/home/antorresca/Desktop/CursoDirigido/SDV_ROS2/build/sdv_serial', 'env': OrderedDict({'USER': 'antorresca', 'GZ_CONFIG_PATH': '/opt/ros/jazzy/opt/gz_sim_vendor/share/gz:/opt/ros/jazzy/opt/sdformat_vendor/share/gz:/opt/ros/jazzy/opt/gz_gui_vendor/share/gz:/opt/ros/jazzy/opt/gz_transport_vendor/share/gz:/opt/ros/jazzy/opt/gz_rendering_vendor/share/gz:/opt/ros/jazzy/opt/gz_plugin_vendor/share/gz:/opt/ros/jazzy/opt/gz_fuel_tools_vendor/share/gz:/opt/ros/jazzy/opt/gz_msgs_vendor/share/gz:/opt/ros/jazzy/opt/gz_common_vendor/share/gz', 'XDG_SESSION_TYPE': 'x11', 'SHLVL': '1', 'LD_LIBRARY_PATH': '/opt/ros/jazzy/opt/gz_sim_vendor/lib:/opt/ros/jazzy/opt/gz_sensors_vendor/lib:/opt/ros/jazzy/opt/gz_physics_vendor/lib:/opt/ros/jazzy/opt/sdformat_vendor/lib:/opt/ros/jazzy/opt/rviz_ogre_vendor/lib:/opt/ros/jazzy/lib/x86_64-linux-gnu:/opt/ros/jazzy/opt/gz_gui_vendor/lib:/opt/ros/jazzy/opt/gz_transport_vendor/lib:/opt/ros/jazzy/opt/gz_rendering_vendor/lib:/opt/ros/jazzy/opt/gz_plugin_vendor/lib:/opt/ros/jazzy/opt/gz_fuel_tools_vendor/lib:/opt/ros/jazzy/opt/gz_msgs_vendor/lib:/opt/ros/jazzy/opt/gz_common_vendor/lib:/opt/ros/jazzy/opt/gz_math_vendor/lib:/opt/ros/jazzy/opt/gz_utils_vendor/lib:/opt/ros/jazzy/opt/gz_tools_vendor/lib:/opt/ros/jazzy/opt/gz_ogre_next_vendor/lib:/opt/ros/jazzy/opt/gz_dartsim_vendor/lib:/opt/ros/jazzy/opt/gz_cmake_vendor/lib:/opt/ros/jazzy/lib', 'HOME': '/home/antorresca', 'OLDPWD': '/home/antorresca', 'DESKTOP_SESSION': 'ubuntu', 'ROS_PYTHON_VERSION': '3', 'GNOME_SHELL_SESSION_MODE': 'ubuntu', 'GTK_MODULES': 'gail:atk-bridge', 'SYSTEMD_EXEC_PID': '3135', 'GSM_SKIP_SSH_AGENT_WORKAROUND': 'true', 'DBUS_SESSION_BUS_ADDRESS': 'unix:path=/run/user/1000/bus', 'COLORTERM': 'truecolor', 'GNOME_KEYRING_CONTROL': '/run/user/1000/keyring', 'DEBUGINFOD_URLS': 'https://debuginfod.ubuntu.com', 'COLCON_PREFIX_PATH': '/home/antorresca/Desktop/CursoDirigido/SDV_ROS2/install', 'ROS_DISTRO': 'jazzy', 'LOGNAME': 'antorresca', '_': '/usr/bin/colcon', 'ROS_VERSION': '2', 'MEMORY_PRESSURE_WATCH': '/sys/fs/cgroup/user.slice/user-1000.slice/user@1000.service/session.slice/org.gnome.SettingsDaemon.MediaKeys.service/memory.pressure', 'XDG_SESSION_CLASS': 'user', 'USERNAME': 'antorresca', 'TERM': 'xterm-256color', 'GNOME_DESKTOP_SESSION_ID': 'this-is-deprecated', 'WINDOWPATH': '2', 'PATH': '/home/antorresca/.local/bin:/opt/ros/jazzy/opt/gz_msgs_vendor/bin:/opt/ros/jazzy/opt/gz_tools_vendor/bin:/opt/ros/jazzy/opt/gz_ogre_next_vendor/bin:/opt/ros/jazzy/bin:/usr/local/sbin:/usr/local/bin:/usr/sbin:/usr/bin:/sbin:/bin:/usr/games:/usr/local/games:/snap/bin:/snap/bin', 'SESSION_MANAGER': 'local/antorresca-ubuntu:@/tmp/.ICE-unix/2874,unix/antorresca-ubuntu:/tmp/.ICE-unix/2874', 'XDG_MENU_PREFIX': 'gnome-', 'GNOME_TERMINAL_SCREEN': '/org/gnome/Terminal/screen/997c3f99_52f0_4f24_9dea_46a1e7e147a2', 'XDG_RUNTIME_DIR': '/run/user/1000', 'DISPLAY': ':1', 'LANG': 'en_US.UTF-8', 'XDG_CURRENT_DESKTOP': 'ubuntu:GNOME', 'XMODIFIERS': '@im=ibus', 'XDG_SESSION_DESKTOP': 'ubuntu', 'XAUTHORITY': '/run/user/1000/gdm/Xauthority', 'GNOME_TERMINAL_SERVICE': ':1.95', 'SSH_AUTH_SOCK': '/run/user/1000/keyring/ssh', 'AMENT_PREFIX_PATH': '/home/antorresca/Desktop/CursoDirigido/SDV_ROS2/install/sdv_serial:/home/antorresca/Desktop/CursoDirigido/SDV_ROS2/install/sdv_msgs:/opt/ros/jazzy', 'SHELL': '/bin/bash', 'QT_ACCESSIBILITY': '1', 'GDMSESSION': 'ubuntu', 'GPG_AGENT_INFO': '/run/user/1000/gnupg/S.gpg-agent:0:1', 'ROS_AUTOMATIC_DISCOVERY_RANGE': 'SUBNET', 'QT_IM_MODULE': 'ibus', 'PWD': '/home/antorresca/Desktop/CursoDirigido/SDV_ROS2/build/sdv_serial', 'LC_ALL': 'en_US.UTF-8', 'XDG_CONFIG_DIRS': '/etc/xdg/xdg-ubuntu:/etc/xdg', 'XDG_DATA_DIRS': '/usr/share/ubuntu:/usr/share/gnome:/usr/local/share/:/usr/share/:/var/lib/snapd/desktop', 'PYTHONPATH': '/opt/ros/jazzy/lib/python3.12/site-packages', 'COLCON': '1', 'MEMORY_PRESSURE_WRITE': 'c29tZSAyMDAwMDAgMjAwMDAwMAA=', 'VTE_VERSION': '7600', 'CMAKE_PREFIX_PATH': '/home/antorresca/Desktop/CursoDirigido/SDV_ROS2/install/sdv_serial:/home/antorresca/Desktop/CursoDirigido/SDV_ROS2/install/sdv_msgs:/opt/ros/jazzy/opt/gz_sim_vendor:/opt/ros/jazzy/opt/gz_sensors_vendor:/opt/ros/jazzy/opt/gz_physics_vendor:/opt/ros/jazzy/opt/sdformat_vendor:/opt/ros/jazzy/opt/gz_gui_vendor:/opt/ros/jazzy/opt/gz_transport_vendor:/opt/ros/jazzy/opt/gz_rendering_vendor:/opt/ros/jazzy/opt/gz_plugin_vendor:/opt/ros/jazzy/opt/gz_fuel_tools_vendor:/opt/ros/jazzy/opt/gz_msgs_vendor:/opt/ros/jazzy/opt/gz_common_vendor:/opt/ros/jazzy/opt/gz_math_vendor:/opt/ros/jazzy/opt/gz_utils_vendor:/opt/ros/jazzy/opt/gz_tools_vendor:/opt/ros/jazzy/opt/gz_ogre_next_vendor:/opt/ros/jazzy/opt/gz_dartsim_vendor:/opt/ros/jazzy/opt/gz_cmake_vendor:/opt/ros/jazzy'}), 'shell': False}
[7.105613] (sdv_serial) StdoutLine: {'line': b'-- Install configuration: ""\n'}
[7.106394] (sdv_serial) StdoutLine: {'line': b'-- Execute custom install script\n'}
[7.106956] (sdv_serial) StdoutLine: {'line': b'-- Up-to-date symlink: /home/antorresca/Desktop/CursoDirigido/SDV_ROS2/install/sdv_serial/lib/sdv_serial/sdv_serial_node\n'}
[7.107465] (sdv_serial) StdoutLine: {'line': b'-- Up-to-date symlink: /home/antorresca/Desktop/CursoDirigido/SDV_ROS2/install/sdv_serial/share/ament_index/resource_index/package_run_dependencies/sdv_serial\n'}
[7.107785] (sdv_serial) StdoutLine: {'line': b'-- Up-to-date symlink: /home/antorresca/Desktop/CursoDirigido/SDV_ROS2/install/sdv_serial/share/ament_index/resource_index/parent_prefix_path/sdv_serial\n'}
[7.108111] (sdv_serial) StdoutLine: {'line': b'-- Up-to-date symlink: /home/antorresca/Desktop/CursoDirigido/SDV_ROS2/install/sdv_serial/share/sdv_serial/environment/ament_prefix_path.sh\n'}
[7.108422] (sdv_serial) StdoutLine: {'line': b'-- Up-to-date symlink: /home/antorresca/Desktop/CursoDirigido/SDV_ROS2/install/sdv_serial/share/sdv_serial/environment/ament_prefix_path.dsv\n'}
[7.108706] (sdv_serial) StdoutLine: {'line': b'-- Up-to-date symlink: /home/antorresca/Desktop/CursoDirigido/SDV_ROS2/install/sdv_serial/share/sdv_serial/environment/path.sh\n'}
[7.108996] (sdv_serial) StdoutLine: {'line': b'-- Up-to-date symlink: /home/antorresca/Desktop/CursoDirigido/SDV_ROS2/install/sdv_serial/share/sdv_serial/environment/path.dsv\n'}
[7.109279] (sdv_serial) StdoutLine: {'line': b'-- Up-to-date symlink: /home/antorresca/Desktop/CursoDirigido/SDV_ROS2/install/sdv_serial/share/sdv_serial/local_setup.bash\n'}
[7.109583] (sdv_serial) StdoutLine: {'line': b'-- Up-to-date symlink: /home/antorresca/Desktop/CursoDirigido/SDV_ROS2/install/sdv_serial/share/sdv_serial/local_setup.sh\n'}
[7.109820] (sdv_serial) StdoutLine: {'line': b'-- Up-to-date symlink: /home/antorresca/Desktop/CursoDirigido/SDV_ROS2/install/sdv_serial/share/sdv_serial/local_setup.zsh\n'}
[7.110113] (sdv_serial) StdoutLine: {'line': b'-- Up-to-date symlink: /home/antorresca/Desktop/CursoDirigido/SDV_ROS2/install/sdv_serial/share/sdv_serial/local_setup.dsv\n'}
[7.110329] (sdv_serial) StdoutLine: {'line': b'-- Symlinking: /home/antorresca/Desktop/CursoDirigido/SDV_ROS2/install/sdv_serial/share/sdv_serial/package.dsv\n'}
[7.129775] (sdv_serial) StdoutLine: {'line': b'-- Up-to-date symlink: /home/antorresca/Desktop/CursoDirigido/SDV_ROS2/install/sdv_serial/share/ament_index/resource_index/packages/sdv_serial\n'}
[7.130167] (sdv_serial) StdoutLine: {'line': b'-- Up-to-date symlink: /home/antorresca/Desktop/CursoDirigido/SDV_ROS2/install/sdv_serial/share/sdv_serial/cmake/sdv_serialConfig.cmake\n'}
[7.130398] (sdv_serial) StdoutLine: {'line': b'-- Up-to-date symlink: /home/antorresca/Desktop/CursoDirigido/SDV_ROS2/install/sdv_serial/share/sdv_serial/cmake/sdv_serialConfig-version.cmake\n'}
[7.130738] (sdv_serial) StdoutLine: {'line': b'-- Up-to-date symlink: /home/antorresca/Desktop/CursoDirigido/SDV_ROS2/install/sdv_serial/share/sdv_serial/package.xml\n'}
[7.134828] (sdv_serial) CommandEnded: {'returncode': 0}
[7.136082] (-) TimerEvent: {}
[7.156153] (sdv_serial) JobEnded: {'identifier': 'sdv_serial', 'rc': 0}
[7.157484] (-) EventReactorShutdown: {}
