[0.274s] DEBUG:colcon:Command line arguments: ['/usr/bin/colcon', 'build']
[0.274s] DEBUG:colcon:Parsed command line arguments: Namespace(log_base=None, log_level=None, verb_name='build', build_base='build', install_base='install', merge_install=False, symlink_install=False, test_result_base=None, continue_on_error=False, executor='parallel', parallel_workers=12, event_handlers=None, ignore_user_meta=False, metas=['./colcon.meta'], base_paths=['.'], packages_ignore=None, packages_ignore_regex=None, paths=None, packages_up_to=None, packages_up_to_regex=None, packages_above=None, packages_above_and_dependencies=None, packages_above_depth=None, packages_select_by_dep=None, packages_skip_by_dep=None, packages_skip_up_to=None, packages_select_build_failed=False, packages_skip_build_finished=False, packages_select_test_failures=False, packages_skip_test_passed=False, packages_select=None, packages_skip=None, packages_select_regex=None, packages_skip_regex=None, packages_start=None, packages_end=None, allow_overriding=[], cmake_args=None, cmake_target=None, cmake_target_skip_unavailable=False, cmake_clean_cache=False, cmake_clean_first=False, cmake_force_configure=False, ament_cmake_args=None, catkin_cmake_args=None, catkin_skip_building_tests=False, mixin_files=None, mixin=None, verb_parser=<colcon_mixin.mixin.mixin_argument.MixinArgumentDecorator object at 0x709ce326bf80>, verb_extension=<colcon_core.verb.build.BuildVerb object at 0x709ce3216090>, main=<bound method BuildVerb.main of <colcon_core.verb.build.BuildVerb object at 0x709ce3216090>>, mixin_verb=('build',))
[0.384s] Level 1:colcon.colcon_core.package_discovery:discover_packages(colcon_meta) check parameters
[0.384s] Level 1:colcon.colcon_core.package_discovery:discover_packages(recursive) check parameters
[0.384s] Level 1:colcon.colcon_core.package_discovery:discover_packages(ignore) check parameters
[0.384s] Level 1:colcon.colcon_core.package_discovery:discover_packages(path) check parameters
[0.384s] Level 1:colcon.colcon_core.package_discovery:discover_packages(colcon_meta) discover
[0.385s] Level 1:colcon.colcon_core.package_discovery:discover_packages(recursive) discover
[0.385s] INFO:colcon.colcon_core.package_discovery:Crawling recursively for packages in '/home/antorresca/Desktop/CursoDirigido/SDV_ROS2'
[0.385s] Level 1:colcon.colcon_core.package_identification:_identify(.) by extensions ['ignore', 'ignore_ament_install']
[0.386s] Level 1:colcon.colcon_core.package_identification:_identify(.) by extension 'ignore'
[0.386s] Level 1:colcon.colcon_core.package_identification:_identify(.) by extension 'ignore_ament_install'
[0.386s] Level 1:colcon.colcon_core.package_identification:_identify(.) by extensions ['colcon_pkg']
[0.386s] Level 1:colcon.colcon_core.package_identification:_identify(.) by extension 'colcon_pkg'
[0.386s] Level 1:colcon.colcon_core.package_identification:_identify(.) by extensions ['colcon_meta']
[0.386s] Level 1:colcon.colcon_core.package_identification:_identify(.) by extension 'colcon_meta'
[0.386s] Level 1:colcon.colcon_core.package_identification:_identify(.) by extensions ['ros']
[0.386s] Level 1:colcon.colcon_core.package_identification:_identify(.) by extension 'ros'
[0.457s] Level 1:colcon.colcon_core.package_identification:_identify(.) by extensions ['cmake', 'python']
[0.457s] Level 1:colcon.colcon_core.package_identification:_identify(.) by extension 'cmake'
[0.458s] Level 1:colcon.colcon_core.package_identification:_identify(.) by extension 'python'
[0.458s] Level 1:colcon.colcon_core.package_identification:_identify(.) by extensions ['python_setup_py']
[0.458s] Level 1:colcon.colcon_core.package_identification:_identify(.) by extension 'python_setup_py'
[0.458s] Level 1:colcon.colcon_core.package_identification:_identify(build) by extensions ['ignore', 'ignore_ament_install']
[0.458s] Level 1:colcon.colcon_core.package_identification:_identify(build) by extension 'ignore'
[0.459s] Level 1:colcon.colcon_core.package_identification:_identify(build) ignored
[0.459s] Level 1:colcon.colcon_core.package_identification:_identify(install) by extensions ['ignore', 'ignore_ament_install']
[0.459s] Level 1:colcon.colcon_core.package_identification:_identify(install) by extension 'ignore'
[0.459s] Level 1:colcon.colcon_core.package_identification:_identify(install) ignored
[0.459s] Level 1:colcon.colcon_core.package_identification:_identify(log) by extensions ['ignore', 'ignore_ament_install']
[0.460s] Level 1:colcon.colcon_core.package_identification:_identify(log) by extension 'ignore'
[0.460s] Level 1:colcon.colcon_core.package_identification:_identify(log) ignored
[0.460s] Level 1:colcon.colcon_core.package_identification:_identify(src) by extensions ['ignore', 'ignore_ament_install']
[0.460s] Level 1:colcon.colcon_core.package_identification:_identify(src) by extension 'ignore'
[0.460s] Level 1:colcon.colcon_core.package_identification:_identify(src) by extension 'ignore_ament_install'
[0.461s] Level 1:colcon.colcon_core.package_identification:_identify(src) by extensions ['colcon_pkg']
[0.461s] Level 1:colcon.colcon_core.package_identification:_identify(src) by extension 'colcon_pkg'
[0.461s] Level 1:colcon.colcon_core.package_identification:_identify(src) by extensions ['colcon_meta']
[0.461s] Level 1:colcon.colcon_core.package_identification:_identify(src) by extension 'colcon_meta'
[0.461s] Level 1:colcon.colcon_core.package_identification:_identify(src) by extensions ['ros']
[0.461s] Level 1:colcon.colcon_core.package_identification:_identify(src) by extension 'ros'
[0.461s] Level 1:colcon.colcon_core.package_identification:_identify(src) by extensions ['cmake', 'python']
[0.461s] Level 1:colcon.colcon_core.package_identification:_identify(src) by extension 'cmake'
[0.462s] Level 1:colcon.colcon_core.package_identification:_identify(src) by extension 'python'
[0.462s] Level 1:colcon.colcon_core.package_identification:_identify(src) by extensions ['python_setup_py']
[0.462s] Level 1:colcon.colcon_core.package_identification:_identify(src) by extension 'python_setup_py'
[0.462s] Level 1:colcon.colcon_core.package_identification:_identify(src/build) by extensions ['ignore', 'ignore_ament_install']
[0.462s] Level 1:colcon.colcon_core.package_identification:_identify(src/build) by extension 'ignore'
[0.462s] Level 1:colcon.colcon_core.package_identification:_identify(src/build) ignored
[0.463s] Level 1:colcon.colcon_core.package_identification:_identify(src/install) by extensions ['ignore', 'ignore_ament_install']
[0.463s] Level 1:colcon.colcon_core.package_identification:_identify(src/install) by extension 'ignore'
[0.463s] Level 1:colcon.colcon_core.package_identification:_identify(src/install) ignored
[0.463s] Level 1:colcon.colcon_core.package_identification:_identify(src/log) by extensions ['ignore', 'ignore_ament_install']
[0.463s] Level 1:colcon.colcon_core.package_identification:_identify(src/log) by extension 'ignore'
[0.463s] Level 1:colcon.colcon_core.package_identification:_identify(src/log) ignored
[0.464s] Level 1:colcon.colcon_core.package_identification:_identify(src/sdv_msgs) by extensions ['ignore', 'ignore_ament_install']
[0.464s] Level 1:colcon.colcon_core.package_identification:_identify(src/sdv_msgs) by extension 'ignore'
[0.464s] Level 1:colcon.colcon_core.package_identification:_identify(src/sdv_msgs) by extension 'ignore_ament_install'
[0.464s] Level 1:colcon.colcon_core.package_identification:_identify(src/sdv_msgs) by extensions ['colcon_pkg']
[0.464s] Level 1:colcon.colcon_core.package_identification:_identify(src/sdv_msgs) by extension 'colcon_pkg'
[0.464s] Level 1:colcon.colcon_core.package_identification:_identify(src/sdv_msgs) by extensions ['colcon_meta']
[0.464s] Level 1:colcon.colcon_core.package_identification:_identify(src/sdv_msgs) by extension 'colcon_meta'
[0.465s] Level 1:colcon.colcon_core.package_identification:_identify(src/sdv_msgs) by extensions ['ros']
[0.465s] Level 1:colcon.colcon_core.package_identification:_identify(src/sdv_msgs) by extension 'ros'
[0.471s] DEBUG:colcon.colcon_core.package_identification:Package 'src/sdv_msgs' with type 'ros.ament_cmake' and name 'sdv_msgs'
[0.472s] Level 1:colcon.colcon_core.package_identification:_identify(src/sdv_serial) by extensions ['ignore', 'ignore_ament_install']
[0.472s] Level 1:colcon.colcon_core.package_identification:_identify(src/sdv_serial) by extension 'ignore'
[0.472s] Level 1:colcon.colcon_core.package_identification:_identify(src/sdv_serial) by extension 'ignore_ament_install'
[0.473s] Level 1:colcon.colcon_core.package_identification:_identify(src/sdv_serial) by extensions ['colcon_pkg']
[0.473s] Level 1:colcon.colcon_core.package_identification:_identify(src/sdv_serial) by extension 'colcon_pkg'
[0.473s] Level 1:colcon.colcon_core.package_identification:_identify(src/sdv_serial) by extensions ['colcon_meta']
[0.473s] Level 1:colcon.colcon_core.package_identification:_identify(src/sdv_serial) by extension 'colcon_meta'
[0.473s] Level 1:colcon.colcon_core.package_identification:_identify(src/sdv_serial) by extensions ['ros']
[0.473s] Level 1:colcon.colcon_core.package_identification:_identify(src/sdv_serial) by extension 'ros'
[0.475s] DEBUG:colcon.colcon_core.package_identification:Package 'src/sdv_serial' with type 'ros.ament_cmake' and name 'sdv_serial'
[0.475s] Level 1:colcon.colcon_core.package_discovery:discover_packages(recursive) using defaults
[0.475s] Level 1:colcon.colcon_core.package_discovery:discover_packages(ignore) discover
[0.475s] Level 1:colcon.colcon_core.package_discovery:discover_packages(ignore) using defaults
[0.475s] Level 1:colcon.colcon_core.package_discovery:discover_packages(path) discover
[0.475s] Level 1:colcon.colcon_core.package_discovery:discover_packages(path) using defaults
[0.523s] Level 1:colcon.colcon_core.package_discovery:discover_packages(prefix_path) check parameters
[0.524s] Level 1:colcon.colcon_core.package_discovery:discover_packages(prefix_path) discover
[0.529s] DEBUG:colcon.colcon_installed_package_information.package_discovery:Found 2 installed packages in /home/antorresca/Desktop/CursoDirigido/SDV_ROS2/install
[0.535s] DEBUG:colcon.colcon_installed_package_information.package_discovery:Found 367 installed packages in /opt/ros/jazzy
[0.540s] Level 1:colcon.colcon_core.package_discovery:discover_packages(prefix_path) using defaults
[0.676s] Level 5:colcon.colcon_core.verb:set package 'sdv_msgs' build argument 'cmake_args' from command line to 'None'
[0.676s] Level 5:colcon.colcon_core.verb:set package 'sdv_msgs' build argument 'cmake_target' from command line to 'None'
[0.676s] Level 5:colcon.colcon_core.verb:set package 'sdv_msgs' build argument 'cmake_target_skip_unavailable' from command line to 'False'
[0.677s] Level 5:colcon.colcon_core.verb:set package 'sdv_msgs' build argument 'cmake_clean_cache' from command line to 'False'
[0.677s] Level 5:colcon.colcon_core.verb:set package 'sdv_msgs' build argument 'cmake_clean_first' from command line to 'False'
[0.677s] Level 5:colcon.colcon_core.verb:set package 'sdv_msgs' build argument 'cmake_force_configure' from command line to 'False'
[0.677s] Level 5:colcon.colcon_core.verb:set package 'sdv_msgs' build argument 'ament_cmake_args' from command line to 'None'
[0.677s] Level 5:colcon.colcon_core.verb:set package 'sdv_msgs' build argument 'catkin_cmake_args' from command line to 'None'
[0.677s] Level 5:colcon.colcon_core.verb:set package 'sdv_msgs' build argument 'catkin_skip_building_tests' from command line to 'False'
[0.677s] DEBUG:colcon.colcon_core.verb:Building package 'sdv_msgs' with the following arguments: {'ament_cmake_args': None, 'build_base': '/home/antorresca/Desktop/CursoDirigido/SDV_ROS2/build/sdv_msgs', 'catkin_cmake_args': None, 'catkin_skip_building_tests': False, 'cmake_args': None, 'cmake_clean_cache': False, 'cmake_clean_first': False, 'cmake_force_configure': False, 'cmake_target': None, 'cmake_target_skip_unavailable': False, 'install_base': '/home/antorresca/Desktop/CursoDirigido/SDV_ROS2/install/sdv_msgs', 'merge_install': False, 'path': '/home/antorresca/Desktop/CursoDirigido/SDV_ROS2/src/sdv_msgs', 'symlink_install': False, 'test_result_base': None}
[0.678s] Level 5:colcon.colcon_core.verb:set package 'sdv_serial' build argument 'cmake_args' from command line to 'None'
[0.678s] Level 5:colcon.colcon_core.verb:set package 'sdv_serial' build argument 'cmake_target' from command line to 'None'
[0.678s] Level 5:colcon.colcon_core.verb:set package 'sdv_serial' build argument 'cmake_target_skip_unavailable' from command line to 'False'
[0.678s] Level 5:colcon.colcon_core.verb:set package 'sdv_serial' build argument 'cmake_clean_cache' from command line to 'False'
[0.678s] Level 5:colcon.colcon_core.verb:set package 'sdv_serial' build argument 'cmake_clean_first' from command line to 'False'
[0.678s] Level 5:colcon.colcon_core.verb:set package 'sdv_serial' build argument 'cmake_force_configure' from command line to 'False'
[0.678s] Level 5:colcon.colcon_core.verb:set package 'sdv_serial' build argument 'ament_cmake_args' from command line to 'None'
[0.678s] Level 5:colcon.colcon_core.verb:set package 'sdv_serial' build argument 'catkin_cmake_args' from command line to 'None'
[0.679s] Level 5:colcon.colcon_core.verb:set package 'sdv_serial' build argument 'catkin_skip_building_tests' from command line to 'False'
[0.679s] DEBUG:colcon.colcon_core.verb:Building package 'sdv_serial' with the following arguments: {'ament_cmake_args': None, 'build_base': '/home/antorresca/Desktop/CursoDirigido/SDV_ROS2/build/sdv_serial', 'catkin_cmake_args': None, 'catkin_skip_building_tests': False, 'cmake_args': None, 'cmake_clean_cache': False, 'cmake_clean_first': False, 'cmake_force_configure': False, 'cmake_target': None, 'cmake_target_skip_unavailable': False, 'install_base': '/home/antorresca/Desktop/CursoDirigido/SDV_ROS2/install/sdv_serial', 'merge_install': False, 'path': '/home/antorresca/Desktop/CursoDirigido/SDV_ROS2/src/sdv_serial', 'symlink_install': False, 'test_result_base': None}
[0.679s] INFO:colcon.colcon_core.executor:Executing jobs using 'parallel' executor
[0.682s] DEBUG:colcon.colcon_parallel_executor.executor.parallel:run_until_complete
[0.683s] INFO:colcon.colcon_ros.task.ament_cmake.build:Building ROS package in '/home/antorresca/Desktop/CursoDirigido/SDV_ROS2/src/sdv_msgs' with build type 'ament_cmake'
[0.683s] INFO:colcon.colcon_cmake.task.cmake.build:Building CMake package in '/home/antorresca/Desktop/CursoDirigido/SDV_ROS2/src/sdv_msgs'
[0.691s] INFO:colcon.colcon_core.plugin_system:Skipping extension 'colcon_core.shell.bat': Not used on non-Windows systems
[0.691s] INFO:colcon.colcon_core.shell:Skip shell extension 'powershell' for command environment: Not usable outside of PowerShell
[0.691s] DEBUG:colcon.colcon_core.shell:Skip shell extension 'dsv' for command environment
[0.706s] INFO:colcon.colcon_ros.task.ament_cmake.build:Building ROS package in '/home/antorresca/Desktop/CursoDirigido/SDV_ROS2/src/sdv_serial' with build type 'ament_cmake'
[0.706s] INFO:colcon.colcon_cmake.task.cmake.build:Building CMake package in '/home/antorresca/Desktop/CursoDirigido/SDV_ROS2/src/sdv_serial'
[0.708s] INFO:colcon.colcon_core.shell:Skip shell extension 'powershell' for command environment: Not usable outside of PowerShell
[0.708s] DEBUG:colcon.colcon_core.shell:Skip shell extension 'dsv' for command environment
[0.734s] DEBUG:colcon.colcon_core.event_handler.log_command:Invoking command in '/home/antorresca/Desktop/CursoDirigido/SDV_ROS2/build/sdv_msgs': CMAKE_PREFIX_PATH=${CMAKE_PREFIX_PATH}:/opt/ros/jazzy DEBUGINFOD_URLS=https://debuginfod.ubuntu.com /usr/bin/cmake --build /home/antorresca/Desktop/CursoDirigido/SDV_ROS2/build/sdv_msgs -- -j12 -l12
[0.753s] DEBUG:colcon.colcon_core.event_handler.log_command:Invoking command in '/home/antorresca/Desktop/CursoDirigido/SDV_ROS2/build/sdv_serial': CMAKE_PREFIX_PATH=${CMAKE_PREFIX_PATH}:/opt/ros/jazzy DEBUGINFOD_URLS=https://debuginfod.ubuntu.com /usr/bin/cmake --build /home/antorresca/Desktop/CursoDirigido/SDV_ROS2/build/sdv_serial -- -j12 -l12
[0.885s] DEBUG:colcon.colcon_core.event_handler.log_command:Invoked command in '/home/antorresca/Desktop/CursoDirigido/SDV_ROS2/build/sdv_msgs' returned '0': CMAKE_PREFIX_PATH=${CMAKE_PREFIX_PATH}:/opt/ros/jazzy DEBUGINFOD_URLS=https://debuginfod.ubuntu.com /usr/bin/cmake --build /home/antorresca/Desktop/CursoDirigido/SDV_ROS2/build/sdv_msgs -- -j12 -l12
[0.922s] DEBUG:colcon.colcon_core.event_handler.log_command:Invoking command in '/home/antorresca/Desktop/CursoDirigido/SDV_ROS2/build/sdv_msgs': CMAKE_PREFIX_PATH=${CMAKE_PREFIX_PATH}:/opt/ros/jazzy DEBUGINFOD_URLS=https://debuginfod.ubuntu.com /usr/bin/cmake --install /home/antorresca/Desktop/CursoDirigido/SDV_ROS2/build/sdv_msgs
[0.999s] Level 1:colcon.colcon_core.environment:create_environment_scripts_only(sdv_msgs)
[1.001s] DEBUG:colcon.colcon_core.event_handler.log_command:Invoked command in '/home/antorresca/Desktop/CursoDirigido/SDV_ROS2/build/sdv_msgs' returned '0': CMAKE_PREFIX_PATH=${CMAKE_PREFIX_PATH}:/opt/ros/jazzy DEBUGINFOD_URLS=https://debuginfod.ubuntu.com /usr/bin/cmake --install /home/antorresca/Desktop/CursoDirigido/SDV_ROS2/build/sdv_msgs
[1.007s] Level 1:colcon.colcon_core.environment:checking '/home/antorresca/Desktop/CursoDirigido/SDV_ROS2/install/sdv_msgs' for CMake module files
[1.009s] Level 1:colcon.colcon_core.environment:checking '/home/antorresca/Desktop/CursoDirigido/SDV_ROS2/install/sdv_msgs' for CMake config files
[1.010s] Level 1:colcon.colcon_core.shell:create_environment_hook('sdv_msgs', 'cmake_prefix_path')
[1.010s] INFO:colcon.colcon_core.shell:Creating environment hook '/home/antorresca/Desktop/CursoDirigido/SDV_ROS2/install/sdv_msgs/share/sdv_msgs/hook/cmake_prefix_path.ps1'
[1.012s] INFO:colcon.colcon_core.shell:Creating environment descriptor '/home/antorresca/Desktop/CursoDirigido/SDV_ROS2/install/sdv_msgs/share/sdv_msgs/hook/cmake_prefix_path.dsv'
[1.013s] INFO:colcon.colcon_core.shell:Creating environment hook '/home/antorresca/Desktop/CursoDirigido/SDV_ROS2/install/sdv_msgs/share/sdv_msgs/hook/cmake_prefix_path.sh'
[1.015s] Level 1:colcon.colcon_core.environment:checking '/home/antorresca/Desktop/CursoDirigido/SDV_ROS2/install/sdv_msgs/bin'
[1.015s] Level 1:colcon.colcon_core.environment:checking '/home/antorresca/Desktop/CursoDirigido/SDV_ROS2/install/sdv_msgs/lib/pkgconfig/sdv_msgs.pc'
[1.016s] Level 1:colcon.colcon_core.environment:checking '/home/antorresca/Desktop/CursoDirigido/SDV_ROS2/install/sdv_msgs/lib/python3.12/site-packages'
[1.016s] Level 1:colcon.colcon_core.environment:checking '/home/antorresca/Desktop/CursoDirigido/SDV_ROS2/install/sdv_msgs/bin'
[1.017s] INFO:colcon.colcon_core.shell:Creating package script '/home/antorresca/Desktop/CursoDirigido/SDV_ROS2/install/sdv_msgs/share/sdv_msgs/package.ps1'
[1.019s] INFO:colcon.colcon_core.shell:Creating package descriptor '/home/antorresca/Desktop/CursoDirigido/SDV_ROS2/install/sdv_msgs/share/sdv_msgs/package.dsv'
[1.020s] INFO:colcon.colcon_core.shell:Creating package script '/home/antorresca/Desktop/CursoDirigido/SDV_ROS2/install/sdv_msgs/share/sdv_msgs/package.sh'
[1.021s] INFO:colcon.colcon_core.shell:Creating package script '/home/antorresca/Desktop/CursoDirigido/SDV_ROS2/install/sdv_msgs/share/sdv_msgs/package.bash'
[1.023s] INFO:colcon.colcon_core.shell:Creating package script '/home/antorresca/Desktop/CursoDirigido/SDV_ROS2/install/sdv_msgs/share/sdv_msgs/package.zsh'
[1.025s] Level 1:colcon.colcon_core.environment:create_file_with_runtime_dependencies(/home/antorresca/Desktop/CursoDirigido/SDV_ROS2/install/sdv_msgs/share/colcon-core/packages/sdv_msgs)
[1.028s] Level 1:colcon.colcon_core.environment:create_environment_scripts_only(sdv_msgs)
[1.028s] Level 1:colcon.colcon_core.environment:checking '/home/antorresca/Desktop/CursoDirigido/SDV_ROS2/install/sdv_msgs' for CMake module files
[1.030s] Level 1:colcon.colcon_core.environment:checking '/home/antorresca/Desktop/CursoDirigido/SDV_ROS2/install/sdv_msgs' for CMake config files
[1.030s] Level 1:colcon.colcon_core.shell:create_environment_hook('sdv_msgs', 'cmake_prefix_path')
[1.031s] INFO:colcon.colcon_core.shell:Creating environment hook '/home/antorresca/Desktop/CursoDirigido/SDV_ROS2/install/sdv_msgs/share/sdv_msgs/hook/cmake_prefix_path.ps1'
[1.032s] INFO:colcon.colcon_core.shell:Creating environment descriptor '/home/antorresca/Desktop/CursoDirigido/SDV_ROS2/install/sdv_msgs/share/sdv_msgs/hook/cmake_prefix_path.dsv'
[1.034s] INFO:colcon.colcon_core.shell:Creating environment hook '/home/antorresca/Desktop/CursoDirigido/SDV_ROS2/install/sdv_msgs/share/sdv_msgs/hook/cmake_prefix_path.sh'
[1.035s] Level 1:colcon.colcon_core.environment:checking '/home/antorresca/Desktop/CursoDirigido/SDV_ROS2/install/sdv_msgs/bin'
[1.035s] Level 1:colcon.colcon_core.environment:checking '/home/antorresca/Desktop/CursoDirigido/SDV_ROS2/install/sdv_msgs/lib/pkgconfig/sdv_msgs.pc'
[1.036s] Level 1:colcon.colcon_core.environment:checking '/home/antorresca/Desktop/CursoDirigido/SDV_ROS2/install/sdv_msgs/lib/python3.12/site-packages'
[1.036s] Level 1:colcon.colcon_core.environment:checking '/home/antorresca/Desktop/CursoDirigido/SDV_ROS2/install/sdv_msgs/bin'
[1.037s] INFO:colcon.colcon_core.shell:Creating package script '/home/antorresca/Desktop/CursoDirigido/SDV_ROS2/install/sdv_msgs/share/sdv_msgs/package.ps1'
[1.039s] INFO:colcon.colcon_core.shell:Creating package descriptor '/home/antorresca/Desktop/CursoDirigido/SDV_ROS2/install/sdv_msgs/share/sdv_msgs/package.dsv'
[1.041s] INFO:colcon.colcon_core.shell:Creating package script '/home/antorresca/Desktop/CursoDirigido/SDV_ROS2/install/sdv_msgs/share/sdv_msgs/package.sh'
[1.042s] INFO:colcon.colcon_core.shell:Creating package script '/home/antorresca/Desktop/CursoDirigido/SDV_ROS2/install/sdv_msgs/share/sdv_msgs/package.bash'
[1.044s] INFO:colcon.colcon_core.shell:Creating package script '/home/antorresca/Desktop/CursoDirigido/SDV_ROS2/install/sdv_msgs/share/sdv_msgs/package.zsh'
[1.045s] Level 1:colcon.colcon_core.environment:create_file_with_runtime_dependencies(/home/antorresca/Desktop/CursoDirigido/SDV_ROS2/install/sdv_msgs/share/colcon-core/packages/sdv_msgs)
[7.770s] DEBUG:colcon.colcon_core.event_handler.log_command:Invoked command in '/home/antorresca/Desktop/CursoDirigido/SDV_ROS2/build/sdv_serial' returned '0': CMAKE_PREFIX_PATH=${CMAKE_PREFIX_PATH}:/opt/ros/jazzy DEBUGINFOD_URLS=https://debuginfod.ubuntu.com /usr/bin/cmake --build /home/antorresca/Desktop/CursoDirigido/SDV_ROS2/build/sdv_serial -- -j12 -l12
[7.772s] DEBUG:colcon.colcon_core.event_handler.log_command:Invoking command in '/home/antorresca/Desktop/CursoDirigido/SDV_ROS2/build/sdv_serial': CMAKE_PREFIX_PATH=${CMAKE_PREFIX_PATH}:/opt/ros/jazzy DEBUGINFOD_URLS=https://debuginfod.ubuntu.com /usr/bin/cmake --install /home/antorresca/Desktop/CursoDirigido/SDV_ROS2/build/sdv_serial
[7.816s] Level 1:colcon.colcon_core.environment:create_environment_scripts_only(sdv_serial)
[7.816s] Level 1:colcon.colcon_core.environment:checking '/home/antorresca/Desktop/CursoDirigido/SDV_ROS2/install/sdv_serial' for CMake module files
[7.817s] DEBUG:colcon.colcon_core.event_handler.log_command:Invoked command in '/home/antorresca/Desktop/CursoDirigido/SDV_ROS2/build/sdv_serial' returned '0': CMAKE_PREFIX_PATH=${CMAKE_PREFIX_PATH}:/opt/ros/jazzy DEBUGINFOD_URLS=https://debuginfod.ubuntu.com /usr/bin/cmake --install /home/antorresca/Desktop/CursoDirigido/SDV_ROS2/build/sdv_serial
[7.818s] Level 1:colcon.colcon_core.environment:checking '/home/antorresca/Desktop/CursoDirigido/SDV_ROS2/install/sdv_serial' for CMake config files
[7.819s] Level 1:colcon.colcon_core.shell:create_environment_hook('sdv_serial', 'cmake_prefix_path')
[7.819s] INFO:colcon.colcon_core.shell:Creating environment hook '/home/antorresca/Desktop/CursoDirigido/SDV_ROS2/install/sdv_serial/share/sdv_serial/hook/cmake_prefix_path.ps1'
[7.820s] INFO:colcon.colcon_core.shell:Creating environment descriptor '/home/antorresca/Desktop/CursoDirigido/SDV_ROS2/install/sdv_serial/share/sdv_serial/hook/cmake_prefix_path.dsv'
[7.821s] INFO:colcon.colcon_core.shell:Creating environment hook '/home/antorresca/Desktop/CursoDirigido/SDV_ROS2/install/sdv_serial/share/sdv_serial/hook/cmake_prefix_path.sh'
[7.823s] Level 1:colcon.colcon_core.environment:checking '/home/antorresca/Desktop/CursoDirigido/SDV_ROS2/install/sdv_serial/lib'
[7.823s] Level 1:colcon.colcon_core.environment:checking '/home/antorresca/Desktop/CursoDirigido/SDV_ROS2/install/sdv_serial/bin'
[7.823s] Level 1:colcon.colcon_core.environment:checking '/home/antorresca/Desktop/CursoDirigido/SDV_ROS2/install/sdv_serial/lib/pkgconfig/sdv_serial.pc'
[7.824s] Level 1:colcon.colcon_core.environment:checking '/home/antorresca/Desktop/CursoDirigido/SDV_ROS2/install/sdv_serial/lib/python3.12/site-packages'
[7.824s] Level 1:colcon.colcon_core.environment:checking '/home/antorresca/Desktop/CursoDirigido/SDV_ROS2/install/sdv_serial/bin'
[7.824s] INFO:colcon.colcon_core.shell:Creating package script '/home/antorresca/Desktop/CursoDirigido/SDV_ROS2/install/sdv_serial/share/sdv_serial/package.ps1'
[7.825s] INFO:colcon.colcon_core.shell:Creating package descriptor '/home/antorresca/Desktop/CursoDirigido/SDV_ROS2/install/sdv_serial/share/sdv_serial/package.dsv'
[7.826s] INFO:colcon.colcon_core.shell:Creating package script '/home/antorresca/Desktop/CursoDirigido/SDV_ROS2/install/sdv_serial/share/sdv_serial/package.sh'
[7.826s] INFO:colcon.colcon_core.shell:Creating package script '/home/antorresca/Desktop/CursoDirigido/SDV_ROS2/install/sdv_serial/share/sdv_serial/package.bash'
[7.827s] INFO:colcon.colcon_core.shell:Creating package script '/home/antorresca/Desktop/CursoDirigido/SDV_ROS2/install/sdv_serial/share/sdv_serial/package.zsh'
[7.828s] Level 1:colcon.colcon_core.environment:create_file_with_runtime_dependencies(/home/antorresca/Desktop/CursoDirigido/SDV_ROS2/install/sdv_serial/share/colcon-core/packages/sdv_serial)
[7.828s] Level 1:colcon.colcon_core.environment:create_environment_scripts_only(sdv_serial)
[7.829s] Level 1:colcon.colcon_core.environment:checking '/home/antorresca/Desktop/CursoDirigido/SDV_ROS2/install/sdv_serial' for CMake module files
[7.829s] Level 1:colcon.colcon_core.environment:checking '/home/antorresca/Desktop/CursoDirigido/SDV_ROS2/install/sdv_serial' for CMake config files
[7.830s] Level 1:colcon.colcon_core.shell:create_environment_hook('sdv_serial', 'cmake_prefix_path')
[7.830s] INFO:colcon.colcon_core.shell:Creating environment hook '/home/antorresca/Desktop/CursoDirigido/SDV_ROS2/install/sdv_serial/share/sdv_serial/hook/cmake_prefix_path.ps1'
[7.831s] INFO:colcon.colcon_core.shell:Creating environment descriptor '/home/antorresca/Desktop/CursoDirigido/SDV_ROS2/install/sdv_serial/share/sdv_serial/hook/cmake_prefix_path.dsv'
[7.831s] INFO:colcon.colcon_core.shell:Creating environment hook '/home/antorresca/Desktop/CursoDirigido/SDV_ROS2/install/sdv_serial/share/sdv_serial/hook/cmake_prefix_path.sh'
[7.832s] Level 1:colcon.colcon_core.environment:checking '/home/antorresca/Desktop/CursoDirigido/SDV_ROS2/install/sdv_serial/lib'
[7.832s] Level 1:colcon.colcon_core.environment:checking '/home/antorresca/Desktop/CursoDirigido/SDV_ROS2/install/sdv_serial/bin'
[7.832s] Level 1:colcon.colcon_core.environment:checking '/home/antorresca/Desktop/CursoDirigido/SDV_ROS2/install/sdv_serial/lib/pkgconfig/sdv_serial.pc'
[7.833s] Level 1:colcon.colcon_core.environment:checking '/home/antorresca/Desktop/CursoDirigido/SDV_ROS2/install/sdv_serial/lib/python3.12/site-packages'
[7.833s] Level 1:colcon.colcon_core.environment:checking '/home/antorresca/Desktop/CursoDirigido/SDV_ROS2/install/sdv_serial/bin'
[7.833s] INFO:colcon.colcon_core.shell:Creating package script '/home/antorresca/Desktop/CursoDirigido/SDV_ROS2/install/sdv_serial/share/sdv_serial/package.ps1'
[7.834s] INFO:colcon.colcon_core.shell:Creating package descriptor '/home/antorresca/Desktop/CursoDirigido/SDV_ROS2/install/sdv_serial/share/sdv_serial/package.dsv'
[7.835s] INFO:colcon.colcon_core.shell:Creating package script '/home/antorresca/Desktop/CursoDirigido/SDV_ROS2/install/sdv_serial/share/sdv_serial/package.sh'
[7.836s] INFO:colcon.colcon_core.shell:Creating package script '/home/antorresca/Desktop/CursoDirigido/SDV_ROS2/install/sdv_serial/share/sdv_serial/package.bash'
[7.836s] INFO:colcon.colcon_core.shell:Creating package script '/home/antorresca/Desktop/CursoDirigido/SDV_ROS2/install/sdv_serial/share/sdv_serial/package.zsh'
[7.837s] Level 1:colcon.colcon_core.environment:create_file_with_runtime_dependencies(/home/antorresca/Desktop/CursoDirigido/SDV_ROS2/install/sdv_serial/share/colcon-core/packages/sdv_serial)
[7.837s] DEBUG:colcon.colcon_parallel_executor.executor.parallel:closing loop
[7.838s] DEBUG:colcon.colcon_parallel_executor.executor.parallel:loop closed
[7.838s] DEBUG:colcon.colcon_parallel_executor.executor.parallel:run_until_complete finished with '0'
[7.839s] DEBUG:colcon.colcon_core.event_reactor:joining thread
[7.847s] INFO:colcon.colcon_core.plugin_system:Skipping extension 'colcon_notification.desktop_notification.terminal_notifier': Not used on non-Darwin systems
[7.847s] INFO:colcon.colcon_core.plugin_system:Skipping extension 'colcon_notification.desktop_notification.win32': Not used on non-Windows systems
[7.847s] INFO:colcon.colcon_notification.desktop_notification:Sending desktop notification using 'notify2'
[7.872s] DEBUG:colcon.colcon_core.event_reactor:joined thread
[7.872s] INFO:colcon.colcon_core.shell:Creating prefix script '/home/antorresca/Desktop/CursoDirigido/SDV_ROS2/install/local_setup.ps1'
[7.874s] INFO:colcon.colcon_core.shell:Creating prefix util module '/home/antorresca/Desktop/CursoDirigido/SDV_ROS2/install/_local_setup_util_ps1.py'
[7.876s] INFO:colcon.colcon_core.shell:Creating prefix chain script '/home/antorresca/Desktop/CursoDirigido/SDV_ROS2/install/setup.ps1'
[7.877s] INFO:colcon.colcon_core.shell:Creating prefix script '/home/antorresca/Desktop/CursoDirigido/SDV_ROS2/install/local_setup.sh'
[7.878s] INFO:colcon.colcon_core.shell:Creating prefix util module '/home/antorresca/Desktop/CursoDirigido/SDV_ROS2/install/_local_setup_util_sh.py'
[7.879s] INFO:colcon.colcon_core.shell:Creating prefix chain script '/home/antorresca/Desktop/CursoDirigido/SDV_ROS2/install/setup.sh'
[7.881s] INFO:colcon.colcon_core.shell:Creating prefix script '/home/antorresca/Desktop/CursoDirigido/SDV_ROS2/install/local_setup.bash'
[7.881s] INFO:colcon.colcon_core.shell:Creating prefix chain script '/home/antorresca/Desktop/CursoDirigido/SDV_ROS2/install/setup.bash'
[7.883s] INFO:colcon.colcon_core.shell:Creating prefix script '/home/antorresca/Desktop/CursoDirigido/SDV_ROS2/install/local_setup.zsh'
[7.884s] INFO:colcon.colcon_core.shell:Creating prefix chain script '/home/antorresca/Desktop/CursoDirigido/SDV_ROS2/install/setup.zsh'
