[0.271s] DEBUG:colcon:Command line arguments: ['/usr/bin/colcon', 'build']
[0.271s] DEBUG:colcon:Parsed command line arguments: Namespace(log_base=None, log_level=None, verb_name='build', build_base='build', install_base='install', merge_install=False, symlink_install=False, test_result_base=None, continue_on_error=False, executor='parallel', parallel_workers=12, event_handlers=None, ignore_user_meta=False, metas=['./colcon.meta'], base_paths=['.'], packages_ignore=None, packages_ignore_regex=None, paths=None, packages_up_to=None, packages_up_to_regex=None, packages_above=None, packages_above_and_dependencies=None, packages_above_depth=None, packages_select_by_dep=None, packages_skip_by_dep=None, packages_skip_up_to=None, packages_select_build_failed=False, packages_skip_build_finished=False, packages_select_test_failures=False, packages_skip_test_passed=False, packages_select=None, packages_skip=None, packages_select_regex=None, packages_skip_regex=None, packages_start=None, packages_end=None, allow_overriding=[], cmake_args=None, cmake_target=None, cmake_target_skip_unavailable=False, cmake_clean_cache=False, cmake_clean_first=False, cmake_force_configure=False, ament_cmake_args=None, catkin_cmake_args=None, catkin_skip_building_tests=False, mixin_files=None, mixin=None, verb_parser=<colcon_mixin.mixin.mixin_argument.MixinArgumentDecorator object at 0x730927890530>, verb_extension=<colcon_core.verb.build.BuildVerb object at 0x73092781a240>, main=<bound method BuildVerb.main of <colcon_core.verb.build.BuildVerb object at 0x73092781a240>>, mixin_verb=('build',))
[0.371s] Level 1:colcon.colcon_core.package_discovery:discover_packages(colcon_meta) check parameters
[0.371s] Level 1:colcon.colcon_core.package_discovery:discover_packages(recursive) check parameters
[0.371s] Level 1:colcon.colcon_core.package_discovery:discover_packages(ignore) check parameters
[0.371s] Level 1:colcon.colcon_core.package_discovery:discover_packages(path) check parameters
[0.372s] Level 1:colcon.colcon_core.package_discovery:discover_packages(colcon_meta) discover
[0.372s] Level 1:colcon.colcon_core.package_discovery:discover_packages(recursive) discover
[0.372s] INFO:colcon.colcon_core.package_discovery:Crawling recursively for packages in '/home/antorresca/Desktop/CursoDirigido/SDV_ROS2'
[0.372s] Level 1:colcon.colcon_core.package_identification:_identify(.) by extensions ['ignore', 'ignore_ament_install']
[0.373s] Level 1:colcon.colcon_core.package_identification:_identify(.) by extension 'ignore'
[0.373s] Level 1:colcon.colcon_core.package_identification:_identify(.) by extension 'ignore_ament_install'
[0.373s] Level 1:colcon.colcon_core.package_identification:_identify(.) by extensions ['colcon_pkg']
[0.373s] Level 1:colcon.colcon_core.package_identification:_identify(.) by extension 'colcon_pkg'
[0.373s] Level 1:colcon.colcon_core.package_identification:_identify(.) by extensions ['colcon_meta']
[0.373s] Level 1:colcon.colcon_core.package_identification:_identify(.) by extension 'colcon_meta'
[0.373s] Level 1:colcon.colcon_core.package_identification:_identify(.) by extensions ['ros']
[0.373s] Level 1:colcon.colcon_core.package_identification:_identify(.) by extension 'ros'
[0.439s] Level 1:colcon.colcon_core.package_identification:_identify(.) by extensions ['cmake', 'python']
[0.439s] Level 1:colcon.colcon_core.package_identification:_identify(.) by extension 'cmake'
[0.439s] Level 1:colcon.colcon_core.package_identification:_identify(.) by extension 'python'
[0.439s] Level 1:colcon.colcon_core.package_identification:_identify(.) by extensions ['python_setup_py']
[0.439s] Level 1:colcon.colcon_core.package_identification:_identify(.) by extension 'python_setup_py'
[0.440s] Level 1:colcon.colcon_core.package_identification:_identify(build) by extensions ['ignore', 'ignore_ament_install']
[0.440s] Level 1:colcon.colcon_core.package_identification:_identify(build) by extension 'ignore'
[0.440s] Level 1:colcon.colcon_core.package_identification:_identify(build) ignored
[0.440s] Level 1:colcon.colcon_core.package_identification:_identify(install) by extensions ['ignore', 'ignore_ament_install']
[0.441s] Level 1:colcon.colcon_core.package_identification:_identify(install) by extension 'ignore'
[0.441s] Level 1:colcon.colcon_core.package_identification:_identify(install) ignored
[0.441s] Level 1:colcon.colcon_core.package_identification:_identify(log) by extensions ['ignore', 'ignore_ament_install']
[0.441s] Level 1:colcon.colcon_core.package_identification:_identify(log) by extension 'ignore'
[0.441s] Level 1:colcon.colcon_core.package_identification:_identify(log) ignored
[0.442s] Level 1:colcon.colcon_core.package_identification:_identify(src) by extensions ['ignore', 'ignore_ament_install']
[0.442s] Level 1:colcon.colcon_core.package_identification:_identify(src) by extension 'ignore'
[0.442s] Level 1:colcon.colcon_core.package_identification:_identify(src) by extension 'ignore_ament_install'
[0.442s] Level 1:colcon.colcon_core.package_identification:_identify(src) by extensions ['colcon_pkg']
[0.442s] Level 1:colcon.colcon_core.package_identification:_identify(src) by extension 'colcon_pkg'
[0.442s] Level 1:colcon.colcon_core.package_identification:_identify(src) by extensions ['colcon_meta']
[0.442s] Level 1:colcon.colcon_core.package_identification:_identify(src) by extension 'colcon_meta'
[0.442s] Level 1:colcon.colcon_core.package_identification:_identify(src) by extensions ['ros']
[0.442s] Level 1:colcon.colcon_core.package_identification:_identify(src) by extension 'ros'
[0.443s] Level 1:colcon.colcon_core.package_identification:_identify(src) by extensions ['cmake', 'python']
[0.443s] Level 1:colcon.colcon_core.package_identification:_identify(src) by extension 'cmake'
[0.443s] Level 1:colcon.colcon_core.package_identification:_identify(src) by extension 'python'
[0.443s] Level 1:colcon.colcon_core.package_identification:_identify(src) by extensions ['python_setup_py']
[0.443s] Level 1:colcon.colcon_core.package_identification:_identify(src) by extension 'python_setup_py'
[0.443s] Level 1:colcon.colcon_core.package_identification:_identify(src/build) by extensions ['ignore', 'ignore_ament_install']
[0.444s] Level 1:colcon.colcon_core.package_identification:_identify(src/build) by extension 'ignore'
[0.444s] Level 1:colcon.colcon_core.package_identification:_identify(src/build) ignored
[0.444s] Level 1:colcon.colcon_core.package_identification:_identify(src/install) by extensions ['ignore', 'ignore_ament_install']
[0.444s] Level 1:colcon.colcon_core.package_identification:_identify(src/install) by extension 'ignore'
[0.444s] Level 1:colcon.colcon_core.package_identification:_identify(src/install) ignored
[0.445s] Level 1:colcon.colcon_core.package_identification:_identify(src/log) by extensions ['ignore', 'ignore_ament_install']
[0.445s] Level 1:colcon.colcon_core.package_identification:_identify(src/log) by extension 'ignore'
[0.445s] Level 1:colcon.colcon_core.package_identification:_identify(src/log) ignored
[0.445s] Level 1:colcon.colcon_core.package_identification:_identify(src/sdv_msgs) by extensions ['ignore', 'ignore_ament_install']
[0.445s] Level 1:colcon.colcon_core.package_identification:_identify(src/sdv_msgs) by extension 'ignore'
[0.445s] Level 1:colcon.colcon_core.package_identification:_identify(src/sdv_msgs) by extension 'ignore_ament_install'
[0.446s] Level 1:colcon.colcon_core.package_identification:_identify(src/sdv_msgs) by extensions ['colcon_pkg']
[0.446s] Level 1:colcon.colcon_core.package_identification:_identify(src/sdv_msgs) by extension 'colcon_pkg'
[0.446s] Level 1:colcon.colcon_core.package_identification:_identify(src/sdv_msgs) by extensions ['colcon_meta']
[0.446s] Level 1:colcon.colcon_core.package_identification:_identify(src/sdv_msgs) by extension 'colcon_meta'
[0.446s] Level 1:colcon.colcon_core.package_identification:_identify(src/sdv_msgs) by extensions ['ros']
[0.446s] Level 1:colcon.colcon_core.package_identification:_identify(src/sdv_msgs) by extension 'ros'
[0.452s] DEBUG:colcon.colcon_core.package_identification:Package 'src/sdv_msgs' with type 'ros.ament_cmake' and name 'sdv_msgs'
[0.452s] Level 1:colcon.colcon_core.package_identification:_identify(src/sdv_serial) by extensions ['ignore', 'ignore_ament_install']
[0.453s] Level 1:colcon.colcon_core.package_identification:_identify(src/sdv_serial) by extension 'ignore'
[0.453s] Level 1:colcon.colcon_core.package_identification:_identify(src/sdv_serial) by extension 'ignore_ament_install'
[0.453s] Level 1:colcon.colcon_core.package_identification:_identify(src/sdv_serial) by extensions ['colcon_pkg']
[0.453s] Level 1:colcon.colcon_core.package_identification:_identify(src/sdv_serial) by extension 'colcon_pkg'
[0.453s] Level 1:colcon.colcon_core.package_identification:_identify(src/sdv_serial) by extensions ['colcon_meta']
[0.453s] Level 1:colcon.colcon_core.package_identification:_identify(src/sdv_serial) by extension 'colcon_meta'
[0.453s] Level 1:colcon.colcon_core.package_identification:_identify(src/sdv_serial) by extensions ['ros']
[0.453s] Level 1:colcon.colcon_core.package_identification:_identify(src/sdv_serial) by extension 'ros'
[0.455s] DEBUG:colcon.colcon_core.package_identification:Package 'src/sdv_serial' with type 'ros.ament_cmake' and name 'sdv_serial'
[0.455s] Level 1:colcon.colcon_core.package_discovery:discover_packages(recursive) using defaults
[0.455s] Level 1:colcon.colcon_core.package_discovery:discover_packages(ignore) discover
[0.455s] Level 1:colcon.colcon_core.package_discovery:discover_packages(ignore) using defaults
[0.455s] Level 1:colcon.colcon_core.package_discovery:discover_packages(path) discover
[0.456s] Level 1:colcon.colcon_core.package_discovery:discover_packages(path) using defaults
[0.499s] Level 1:colcon.colcon_core.package_discovery:discover_packages(prefix_path) check parameters
[0.500s] Level 1:colcon.colcon_core.package_discovery:discover_packages(prefix_path) discover
[0.505s] DEBUG:colcon.colcon_installed_package_information.package_discovery:Found 2 installed packages in /home/antorresca/Desktop/CursoDirigido/SDV_ROS2/install
[0.511s] DEBUG:colcon.colcon_installed_package_information.package_discovery:Found 367 installed packages in /opt/ros/jazzy
[0.516s] Level 1:colcon.colcon_core.package_discovery:discover_packages(prefix_path) using defaults
[0.653s] Level 5:colcon.colcon_core.verb:set package 'sdv_msgs' build argument 'cmake_args' from command line to 'None'
[0.653s] Level 5:colcon.colcon_core.verb:set package 'sdv_msgs' build argument 'cmake_target' from command line to 'None'
[0.653s] Level 5:colcon.colcon_core.verb:set package 'sdv_msgs' build argument 'cmake_target_skip_unavailable' from command line to 'False'
[0.653s] Level 5:colcon.colcon_core.verb:set package 'sdv_msgs' build argument 'cmake_clean_cache' from command line to 'False'
[0.654s] Level 5:colcon.colcon_core.verb:set package 'sdv_msgs' build argument 'cmake_clean_first' from command line to 'False'
[0.654s] Level 5:colcon.colcon_core.verb:set package 'sdv_msgs' build argument 'cmake_force_configure' from command line to 'False'
[0.654s] Level 5:colcon.colcon_core.verb:set package 'sdv_msgs' build argument 'ament_cmake_args' from command line to 'None'
[0.654s] Level 5:colcon.colcon_core.verb:set package 'sdv_msgs' build argument 'catkin_cmake_args' from command line to 'None'
[0.654s] Level 5:colcon.colcon_core.verb:set package 'sdv_msgs' build argument 'catkin_skip_building_tests' from command line to 'False'
[0.654s] DEBUG:colcon.colcon_core.verb:Building package 'sdv_msgs' with the following arguments: {'ament_cmake_args': None, 'build_base': '/home/antorresca/Desktop/CursoDirigido/SDV_ROS2/build/sdv_msgs', 'catkin_cmake_args': None, 'catkin_skip_building_tests': False, 'cmake_args': None, 'cmake_clean_cache': False, 'cmake_clean_first': False, 'cmake_force_configure': False, 'cmake_target': None, 'cmake_target_skip_unavailable': False, 'install_base': '/home/antorresca/Desktop/CursoDirigido/SDV_ROS2/install/sdv_msgs', 'merge_install': False, 'path': '/home/antorresca/Desktop/CursoDirigido/SDV_ROS2/src/sdv_msgs', 'symlink_install': False, 'test_result_base': None}
[0.655s] Level 5:colcon.colcon_core.verb:set package 'sdv_serial' build argument 'cmake_args' from command line to 'None'
[0.655s] Level 5:colcon.colcon_core.verb:set package 'sdv_serial' build argument 'cmake_target' from command line to 'None'
[0.655s] Level 5:colcon.colcon_core.verb:set package 'sdv_serial' build argument 'cmake_target_skip_unavailable' from command line to 'False'
[0.655s] Level 5:colcon.colcon_core.verb:set package 'sdv_serial' build argument 'cmake_clean_cache' from command line to 'False'
[0.655s] Level 5:colcon.colcon_core.verb:set package 'sdv_serial' build argument 'cmake_clean_first' from command line to 'False'
[0.655s] Level 5:colcon.colcon_core.verb:set package 'sdv_serial' build argument 'cmake_force_configure' from command line to 'False'
[0.655s] Level 5:colcon.colcon_core.verb:set package 'sdv_serial' build argument 'ament_cmake_args' from command line to 'None'
[0.655s] Level 5:colcon.colcon_core.verb:set package 'sdv_serial' build argument 'catkin_cmake_args' from command line to 'None'
[0.655s] Level 5:colcon.colcon_core.verb:set package 'sdv_serial' build argument 'catkin_skip_building_tests' from command line to 'False'
[0.655s] DEBUG:colcon.colcon_core.verb:Building package 'sdv_serial' with the following arguments: {'ament_cmake_args': None, 'build_base': '/home/antorresca/Desktop/CursoDirigido/SDV_ROS2/build/sdv_serial', 'catkin_cmake_args': None, 'catkin_skip_building_tests': False, 'cmake_args': None, 'cmake_clean_cache': False, 'cmake_clean_first': False, 'cmake_force_configure': False, 'cmake_target': None, 'cmake_target_skip_unavailable': False, 'install_base': '/home/antorresca/Desktop/CursoDirigido/SDV_ROS2/install/sdv_serial', 'merge_install': False, 'path': '/home/antorresca/Desktop/CursoDirigido/SDV_ROS2/src/sdv_serial', 'symlink_install': False, 'test_result_base': None}
[0.655s] INFO:colcon.colcon_core.executor:Executing jobs using 'parallel' executor
[0.657s] DEBUG:colcon.colcon_parallel_executor.executor.parallel:run_until_complete
[0.658s] INFO:colcon.colcon_ros.task.ament_cmake.build:Building ROS package in '/home/antorresca/Desktop/CursoDirigido/SDV_ROS2/src/sdv_msgs' with build type 'ament_cmake'
[0.659s] INFO:colcon.colcon_cmake.task.cmake.build:Building CMake package in '/home/antorresca/Desktop/CursoDirigido/SDV_ROS2/src/sdv_msgs'
[0.663s] INFO:colcon.colcon_core.plugin_system:Skipping extension 'colcon_core.shell.bat': Not used on non-Windows systems
[0.664s] INFO:colcon.colcon_core.shell:Skip shell extension 'powershell' for command environment: Not usable outside of PowerShell
[0.664s] DEBUG:colcon.colcon_core.shell:Skip shell extension 'dsv' for command environment
[0.675s] INFO:colcon.colcon_ros.task.ament_cmake.build:Building ROS package in '/home/antorresca/Desktop/CursoDirigido/SDV_ROS2/src/sdv_serial' with build type 'ament_cmake'
[0.675s] INFO:colcon.colcon_cmake.task.cmake.build:Building CMake package in '/home/antorresca/Desktop/CursoDirigido/SDV_ROS2/src/sdv_serial'
[0.676s] INFO:colcon.colcon_core.shell:Skip shell extension 'powershell' for command environment: Not usable outside of PowerShell
[0.676s] DEBUG:colcon.colcon_core.shell:Skip shell extension 'dsv' for command environment
[0.704s] DEBUG:colcon.colcon_core.event_handler.log_command:Invoking command in '/home/antorresca/Desktop/CursoDirigido/SDV_ROS2/build/sdv_msgs': CMAKE_PREFIX_PATH=${CMAKE_PREFIX_PATH}:/opt/ros/jazzy DEBUGINFOD_URLS=https://debuginfod.ubuntu.com /usr/bin/cmake --build /home/antorresca/Desktop/CursoDirigido/SDV_ROS2/build/sdv_msgs -- -j12 -l12
[0.717s] DEBUG:colcon.colcon_core.event_handler.log_command:Invoking command in '/home/antorresca/Desktop/CursoDirigido/SDV_ROS2/build/sdv_serial': CMAKE_PREFIX_PATH=${CMAKE_PREFIX_PATH}:/opt/ros/jazzy DEBUGINFOD_URLS=https://debuginfod.ubuntu.com /usr/bin/cmake --build /home/antorresca/Desktop/CursoDirigido/SDV_ROS2/build/sdv_serial -- -j12 -l12
[0.840s] DEBUG:colcon.colcon_core.event_handler.log_command:Invoked command in '/home/antorresca/Desktop/CursoDirigido/SDV_ROS2/build/sdv_msgs' returned '0': CMAKE_PREFIX_PATH=${CMAKE_PREFIX_PATH}:/opt/ros/jazzy DEBUGINFOD_URLS=https://debuginfod.ubuntu.com /usr/bin/cmake --build /home/antorresca/Desktop/CursoDirigido/SDV_ROS2/build/sdv_msgs -- -j12 -l12
[0.876s] DEBUG:colcon.colcon_core.event_handler.log_command:Invoking command in '/home/antorresca/Desktop/CursoDirigido/SDV_ROS2/build/sdv_msgs': CMAKE_PREFIX_PATH=${CMAKE_PREFIX_PATH}:/opt/ros/jazzy DEBUGINFOD_URLS=https://debuginfod.ubuntu.com /usr/bin/cmake --install /home/antorresca/Desktop/CursoDirigido/SDV_ROS2/build/sdv_msgs
[0.953s] Level 1:colcon.colcon_core.environment:create_environment_scripts_only(sdv_msgs)
[0.955s] DEBUG:colcon.colcon_core.event_handler.log_command:Invoked command in '/home/antorresca/Desktop/CursoDirigido/SDV_ROS2/build/sdv_msgs' returned '0': CMAKE_PREFIX_PATH=${CMAKE_PREFIX_PATH}:/opt/ros/jazzy DEBUGINFOD_URLS=https://debuginfod.ubuntu.com /usr/bin/cmake --install /home/antorresca/Desktop/CursoDirigido/SDV_ROS2/build/sdv_msgs
[0.961s] Level 1:colcon.colcon_core.environment:checking '/home/antorresca/Desktop/CursoDirigido/SDV_ROS2/install/sdv_msgs' for CMake module files
[0.963s] Level 1:colcon.colcon_core.environment:checking '/home/antorresca/Desktop/CursoDirigido/SDV_ROS2/install/sdv_msgs' for CMake config files
[0.963s] Level 1:colcon.colcon_core.shell:create_environment_hook('sdv_msgs', 'cmake_prefix_path')
[0.964s] INFO:colcon.colcon_core.shell:Creating environment hook '/home/antorresca/Desktop/CursoDirigido/SDV_ROS2/install/sdv_msgs/share/sdv_msgs/hook/cmake_prefix_path.ps1'
[0.966s] INFO:colcon.colcon_core.shell:Creating environment descriptor '/home/antorresca/Desktop/CursoDirigido/SDV_ROS2/install/sdv_msgs/share/sdv_msgs/hook/cmake_prefix_path.dsv'
[0.967s] INFO:colcon.colcon_core.shell:Creating environment hook '/home/antorresca/Desktop/CursoDirigido/SDV_ROS2/install/sdv_msgs/share/sdv_msgs/hook/cmake_prefix_path.sh'
[0.969s] Level 1:colcon.colcon_core.environment:checking '/home/antorresca/Desktop/CursoDirigido/SDV_ROS2/install/sdv_msgs/bin'
[0.970s] Level 1:colcon.colcon_core.environment:checking '/home/antorresca/Desktop/CursoDirigido/SDV_ROS2/install/sdv_msgs/lib/pkgconfig/sdv_msgs.pc'
[0.970s] Level 1:colcon.colcon_core.environment:checking '/home/antorresca/Desktop/CursoDirigido/SDV_ROS2/install/sdv_msgs/lib/python3.12/site-packages'
[0.971s] Level 1:colcon.colcon_core.environment:checking '/home/antorresca/Desktop/CursoDirigido/SDV_ROS2/install/sdv_msgs/bin'
[0.971s] INFO:colcon.colcon_core.shell:Creating package script '/home/antorresca/Desktop/CursoDirigido/SDV_ROS2/install/sdv_msgs/share/sdv_msgs/package.ps1'
[0.973s] INFO:colcon.colcon_core.shell:Creating package descriptor '/home/antorresca/Desktop/CursoDirigido/SDV_ROS2/install/sdv_msgs/share/sdv_msgs/package.dsv'
[0.974s] INFO:colcon.colcon_core.shell:Creating package script '/home/antorresca/Desktop/CursoDirigido/SDV_ROS2/install/sdv_msgs/share/sdv_msgs/package.sh'
[0.976s] INFO:colcon.colcon_core.shell:Creating package script '/home/antorresca/Desktop/CursoDirigido/SDV_ROS2/install/sdv_msgs/share/sdv_msgs/package.bash'
[0.979s] INFO:colcon.colcon_core.shell:Creating package script '/home/antorresca/Desktop/CursoDirigido/SDV_ROS2/install/sdv_msgs/share/sdv_msgs/package.zsh'
[0.981s] Level 1:colcon.colcon_core.environment:create_file_with_runtime_dependencies(/home/antorresca/Desktop/CursoDirigido/SDV_ROS2/install/sdv_msgs/share/colcon-core/packages/sdv_msgs)
[0.984s] Level 1:colcon.colcon_core.environment:create_environment_scripts_only(sdv_msgs)
[0.984s] Level 1:colcon.colcon_core.environment:checking '/home/antorresca/Desktop/CursoDirigido/SDV_ROS2/install/sdv_msgs' for CMake module files
[0.986s] Level 1:colcon.colcon_core.environment:checking '/home/antorresca/Desktop/CursoDirigido/SDV_ROS2/install/sdv_msgs' for CMake config files
[0.987s] Level 1:colcon.colcon_core.shell:create_environment_hook('sdv_msgs', 'cmake_prefix_path')
[0.987s] INFO:colcon.colcon_core.shell:Creating environment hook '/home/antorresca/Desktop/CursoDirigido/SDV_ROS2/install/sdv_msgs/share/sdv_msgs/hook/cmake_prefix_path.ps1'
[0.989s] INFO:colcon.colcon_core.shell:Creating environment descriptor '/home/antorresca/Desktop/CursoDirigido/SDV_ROS2/install/sdv_msgs/share/sdv_msgs/hook/cmake_prefix_path.dsv'
[0.989s] INFO:colcon.colcon_core.shell:Creating environment hook '/home/antorresca/Desktop/CursoDirigido/SDV_ROS2/install/sdv_msgs/share/sdv_msgs/hook/cmake_prefix_path.sh'
[0.991s] Level 1:colcon.colcon_core.environment:checking '/home/antorresca/Desktop/CursoDirigido/SDV_ROS2/install/sdv_msgs/bin'
[0.991s] Level 1:colcon.colcon_core.environment:checking '/home/antorresca/Desktop/CursoDirigido/SDV_ROS2/install/sdv_msgs/lib/pkgconfig/sdv_msgs.pc'
[0.991s] Level 1:colcon.colcon_core.environment:checking '/home/antorresca/Desktop/CursoDirigido/SDV_ROS2/install/sdv_msgs/lib/python3.12/site-packages'
[0.992s] Level 1:colcon.colcon_core.environment:checking '/home/antorresca/Desktop/CursoDirigido/SDV_ROS2/install/sdv_msgs/bin'
[0.992s] INFO:colcon.colcon_core.shell:Creating package script '/home/antorresca/Desktop/CursoDirigido/SDV_ROS2/install/sdv_msgs/share/sdv_msgs/package.ps1'
[0.994s] INFO:colcon.colcon_core.shell:Creating package descriptor '/home/antorresca/Desktop/CursoDirigido/SDV_ROS2/install/sdv_msgs/share/sdv_msgs/package.dsv'
[0.995s] INFO:colcon.colcon_core.shell:Creating package script '/home/antorresca/Desktop/CursoDirigido/SDV_ROS2/install/sdv_msgs/share/sdv_msgs/package.sh'
[0.996s] INFO:colcon.colcon_core.shell:Creating package script '/home/antorresca/Desktop/CursoDirigido/SDV_ROS2/install/sdv_msgs/share/sdv_msgs/package.bash'
[0.996s] INFO:colcon.colcon_core.shell:Creating package script '/home/antorresca/Desktop/CursoDirigido/SDV_ROS2/install/sdv_msgs/share/sdv_msgs/package.zsh'
[0.997s] Level 1:colcon.colcon_core.environment:create_file_with_runtime_dependencies(/home/antorresca/Desktop/CursoDirigido/SDV_ROS2/install/sdv_msgs/share/colcon-core/packages/sdv_msgs)
[7.922s] DEBUG:colcon.colcon_core.event_handler.log_command:Invoked command in '/home/antorresca/Desktop/CursoDirigido/SDV_ROS2/build/sdv_serial' returned '0': CMAKE_PREFIX_PATH=${CMAKE_PREFIX_PATH}:/opt/ros/jazzy DEBUGINFOD_URLS=https://debuginfod.ubuntu.com /usr/bin/cmake --build /home/antorresca/Desktop/CursoDirigido/SDV_ROS2/build/sdv_serial -- -j12 -l12
[7.925s] DEBUG:colcon.colcon_core.event_handler.log_command:Invoking command in '/home/antorresca/Desktop/CursoDirigido/SDV_ROS2/build/sdv_serial': CMAKE_PREFIX_PATH=${CMAKE_PREFIX_PATH}:/opt/ros/jazzy DEBUGINFOD_URLS=https://debuginfod.ubuntu.com /usr/bin/cmake --install /home/antorresca/Desktop/CursoDirigido/SDV_ROS2/build/sdv_serial
[7.974s] Level 1:colcon.colcon_core.environment:create_environment_scripts_only(sdv_serial)
[7.975s] Level 1:colcon.colcon_core.environment:checking '/home/antorresca/Desktop/CursoDirigido/SDV_ROS2/install/sdv_serial' for CMake module files
[7.975s] DEBUG:colcon.colcon_core.event_handler.log_command:Invoked command in '/home/antorresca/Desktop/CursoDirigido/SDV_ROS2/build/sdv_serial' returned '0': CMAKE_PREFIX_PATH=${CMAKE_PREFIX_PATH}:/opt/ros/jazzy DEBUGINFOD_URLS=https://debuginfod.ubuntu.com /usr/bin/cmake --install /home/antorresca/Desktop/CursoDirigido/SDV_ROS2/build/sdv_serial
[7.976s] Level 1:colcon.colcon_core.environment:checking '/home/antorresca/Desktop/CursoDirigido/SDV_ROS2/install/sdv_serial' for CMake config files
[7.977s] Level 1:colcon.colcon_core.shell:create_environment_hook('sdv_serial', 'cmake_prefix_path')
[7.977s] INFO:colcon.colcon_core.shell:Creating environment hook '/home/antorresca/Desktop/CursoDirigido/SDV_ROS2/install/sdv_serial/share/sdv_serial/hook/cmake_prefix_path.ps1'
[7.978s] INFO:colcon.colcon_core.shell:Creating environment descriptor '/home/antorresca/Desktop/CursoDirigido/SDV_ROS2/install/sdv_serial/share/sdv_serial/hook/cmake_prefix_path.dsv'
[7.978s] INFO:colcon.colcon_core.shell:Creating environment hook '/home/antorresca/Desktop/CursoDirigido/SDV_ROS2/install/sdv_serial/share/sdv_serial/hook/cmake_prefix_path.sh'
[7.979s] Level 1:colcon.colcon_core.environment:checking '/home/antorresca/Desktop/CursoDirigido/SDV_ROS2/install/sdv_serial/lib'
[7.979s] Level 1:colcon.colcon_core.environment:checking '/home/antorresca/Desktop/CursoDirigido/SDV_ROS2/install/sdv_serial/bin'
[7.980s] Level 1:colcon.colcon_core.environment:checking '/home/antorresca/Desktop/CursoDirigido/SDV_ROS2/install/sdv_serial/lib/pkgconfig/sdv_serial.pc'
[7.980s] Level 1:colcon.colcon_core.environment:checking '/home/antorresca/Desktop/CursoDirigido/SDV_ROS2/install/sdv_serial/lib/python3.12/site-packages'
[7.980s] Level 1:colcon.colcon_core.environment:checking '/home/antorresca/Desktop/CursoDirigido/SDV_ROS2/install/sdv_serial/bin'
[7.981s] INFO:colcon.colcon_core.shell:Creating package script '/home/antorresca/Desktop/CursoDirigido/SDV_ROS2/install/sdv_serial/share/sdv_serial/package.ps1'
[7.981s] INFO:colcon.colcon_core.shell:Creating package descriptor '/home/antorresca/Desktop/CursoDirigido/SDV_ROS2/install/sdv_serial/share/sdv_serial/package.dsv'
[7.982s] INFO:colcon.colcon_core.shell:Creating package script '/home/antorresca/Desktop/CursoDirigido/SDV_ROS2/install/sdv_serial/share/sdv_serial/package.sh'
[7.983s] INFO:colcon.colcon_core.shell:Creating package script '/home/antorresca/Desktop/CursoDirigido/SDV_ROS2/install/sdv_serial/share/sdv_serial/package.bash'
[7.983s] INFO:colcon.colcon_core.shell:Creating package script '/home/antorresca/Desktop/CursoDirigido/SDV_ROS2/install/sdv_serial/share/sdv_serial/package.zsh'
[7.984s] Level 1:colcon.colcon_core.environment:create_file_with_runtime_dependencies(/home/antorresca/Desktop/CursoDirigido/SDV_ROS2/install/sdv_serial/share/colcon-core/packages/sdv_serial)
[7.985s] Level 1:colcon.colcon_core.environment:create_environment_scripts_only(sdv_serial)
[7.985s] Level 1:colcon.colcon_core.environment:checking '/home/antorresca/Desktop/CursoDirigido/SDV_ROS2/install/sdv_serial' for CMake module files
[7.986s] Level 1:colcon.colcon_core.environment:checking '/home/antorresca/Desktop/CursoDirigido/SDV_ROS2/install/sdv_serial' for CMake config files
[7.986s] Level 1:colcon.colcon_core.shell:create_environment_hook('sdv_serial', 'cmake_prefix_path')
[7.986s] INFO:colcon.colcon_core.shell:Creating environment hook '/home/antorresca/Desktop/CursoDirigido/SDV_ROS2/install/sdv_serial/share/sdv_serial/hook/cmake_prefix_path.ps1'
[7.987s] INFO:colcon.colcon_core.shell:Creating environment descriptor '/home/antorresca/Desktop/CursoDirigido/SDV_ROS2/install/sdv_serial/share/sdv_serial/hook/cmake_prefix_path.dsv'
[7.988s] INFO:colcon.colcon_core.shell:Creating environment hook '/home/antorresca/Desktop/CursoDirigido/SDV_ROS2/install/sdv_serial/share/sdv_serial/hook/cmake_prefix_path.sh'
[7.989s] Level 1:colcon.colcon_core.environment:checking '/home/antorresca/Desktop/CursoDirigido/SDV_ROS2/install/sdv_serial/lib'
[7.989s] Level 1:colcon.colcon_core.environment:checking '/home/antorresca/Desktop/CursoDirigido/SDV_ROS2/install/sdv_serial/bin'
[7.989s] Level 1:colcon.colcon_core.environment:checking '/home/antorresca/Desktop/CursoDirigido/SDV_ROS2/install/sdv_serial/lib/pkgconfig/sdv_serial.pc'
[7.989s] Level 1:colcon.colcon_core.environment:checking '/home/antorresca/Desktop/CursoDirigido/SDV_ROS2/install/sdv_serial/lib/python3.12/site-packages'
[7.989s] Level 1:colcon.colcon_core.environment:checking '/home/antorresca/Desktop/CursoDirigido/SDV_ROS2/install/sdv_serial/bin'
[7.990s] INFO:colcon.colcon_core.shell:Creating package script '/home/antorresca/Desktop/CursoDirigido/SDV_ROS2/install/sdv_serial/share/sdv_serial/package.ps1'
[7.991s] INFO:colcon.colcon_core.shell:Creating package descriptor '/home/antorresca/Desktop/CursoDirigido/SDV_ROS2/install/sdv_serial/share/sdv_serial/package.dsv'
[7.991s] INFO:colcon.colcon_core.shell:Creating package script '/home/antorresca/Desktop/CursoDirigido/SDV_ROS2/install/sdv_serial/share/sdv_serial/package.sh'
[7.992s] INFO:colcon.colcon_core.shell:Creating package script '/home/antorresca/Desktop/CursoDirigido/SDV_ROS2/install/sdv_serial/share/sdv_serial/package.bash'
[7.993s] INFO:colcon.colcon_core.shell:Creating package script '/home/antorresca/Desktop/CursoDirigido/SDV_ROS2/install/sdv_serial/share/sdv_serial/package.zsh'
[7.993s] Level 1:colcon.colcon_core.environment:create_file_with_runtime_dependencies(/home/antorresca/Desktop/CursoDirigido/SDV_ROS2/install/sdv_serial/share/colcon-core/packages/sdv_serial)
[7.994s] DEBUG:colcon.colcon_parallel_executor.executor.parallel:closing loop
[7.995s] DEBUG:colcon.colcon_parallel_executor.executor.parallel:loop closed
[7.995s] DEBUG:colcon.colcon_parallel_executor.executor.parallel:run_until_complete finished with '0'
[7.995s] DEBUG:colcon.colcon_core.event_reactor:joining thread
[8.005s] INFO:colcon.colcon_core.plugin_system:Skipping extension 'colcon_notification.desktop_notification.terminal_notifier': Not used on non-Darwin systems
[8.006s] INFO:colcon.colcon_core.plugin_system:Skipping extension 'colcon_notification.desktop_notification.win32': Not used on non-Windows systems
[8.006s] INFO:colcon.colcon_notification.desktop_notification:Sending desktop notification using 'notify2'
[8.037s] DEBUG:colcon.colcon_core.event_reactor:joined thread
[8.038s] INFO:colcon.colcon_core.shell:Creating prefix script '/home/antorresca/Desktop/CursoDirigido/SDV_ROS2/install/local_setup.ps1'
[8.040s] INFO:colcon.colcon_core.shell:Creating prefix util module '/home/antorresca/Desktop/CursoDirigido/SDV_ROS2/install/_local_setup_util_ps1.py'
[8.043s] INFO:colcon.colcon_core.shell:Creating prefix chain script '/home/antorresca/Desktop/CursoDirigido/SDV_ROS2/install/setup.ps1'
[8.046s] INFO:colcon.colcon_core.shell:Creating prefix script '/home/antorresca/Desktop/CursoDirigido/SDV_ROS2/install/local_setup.sh'
[8.047s] INFO:colcon.colcon_core.shell:Creating prefix util module '/home/antorresca/Desktop/CursoDirigido/SDV_ROS2/install/_local_setup_util_sh.py'
[8.049s] INFO:colcon.colcon_core.shell:Creating prefix chain script '/home/antorresca/Desktop/CursoDirigido/SDV_ROS2/install/setup.sh'
[8.052s] INFO:colcon.colcon_core.shell:Creating prefix script '/home/antorresca/Desktop/CursoDirigido/SDV_ROS2/install/local_setup.bash'
[8.054s] INFO:colcon.colcon_core.shell:Creating prefix chain script '/home/antorresca/Desktop/CursoDirigido/SDV_ROS2/install/setup.bash'
[8.056s] INFO:colcon.colcon_core.shell:Creating prefix script '/home/antorresca/Desktop/CursoDirigido/SDV_ROS2/install/local_setup.zsh'
[8.058s] INFO:colcon.colcon_core.shell:Creating prefix chain script '/home/antorresca/Desktop/CursoDirigido/SDV_ROS2/install/setup.zsh'
