[0.013s] Invoking command in '/home/antorresca/Desktop/CursoDirigido/SDV_ROS2/build/sdv_serial': CMAKE_PREFIX_PATH=${CMAKE_PREFIX_PATH}:/opt/ros/jazzy DEBUGINFOD_URLS=https://debuginfod.ubuntu.com /usr/bin/cmake --build /home/antorresca/Desktop/CursoDirigido/SDV_ROS2/build/sdv_serial -- -j12 -l12
[0.093s] [ 50%] [32mBuilding CXX object CMakeFiles/sdv_serial_node.dir/src/sdv_serial_node.cpp.o[0m
[2.871s] [100%] [32m[1mLinking CXX executable sdv_serial_node[0m
[3.029s] [100%] Built target sdv_serial_node
[3.046s] Invoked command in '/home/antorresca/Desktop/CursoDirigido/SDV_ROS2/build/sdv_serial' returned '0': CMAKE_PREFIX_PATH=${CMAKE_PREFIX_PATH}:/opt/ros/jazzy DEBUGINFOD_URLS=https://debuginfod.ubuntu.com /usr/bin/cmake --build /home/antorresca/Desktop/CursoDirigido/SDV_ROS2/build/sdv_serial -- -j12 -l12
[3.047s] Invoking command in '/home/antorresca/Desktop/CursoDirigido/SDV_ROS2/build/sdv_serial': CMAKE_PREFIX_PATH=${CMAKE_PREFIX_PATH}:/opt/ros/jazzy DEBUGINFOD_URLS=https://debuginfod.ubuntu.com /usr/bin/cmake --install /home/antorresca/Desktop/CursoDirigido/SDV_ROS2/build/sdv_serial
[3.056s] -- Install configuration: ""
[3.057s] -- Execute custom install script
[3.057s] -- Up-to-date symlink: /home/antorresca/Desktop/CursoDirigido/SDV_ROS2/install/sdv_serial/lib/sdv_serial/sdv_serial_node
[3.057s] -- Up-to-date symlink: /home/antorresca/Desktop/CursoDirigido/SDV_ROS2/install/sdv_serial/share/ament_index/resource_index/package_run_dependencies/sdv_serial
[3.057s] -- Up-to-date symlink: /home/antorresca/Desktop/CursoDirigido/SDV_ROS2/install/sdv_serial/share/ament_index/resource_index/parent_prefix_path/sdv_serial
[3.058s] -- Up-to-date symlink: /home/antorresca/Desktop/CursoDirigido/SDV_ROS2/install/sdv_serial/share/sdv_serial/environment/ament_prefix_path.sh
[3.058s] -- Up-to-date symlink: /home/antorresca/Desktop/CursoDirigido/SDV_ROS2/install/sdv_serial/share/sdv_serial/environment/ament_prefix_path.dsv
[3.058s] -- Up-to-date symlink: /home/antorresca/Desktop/CursoDirigido/SDV_ROS2/install/sdv_serial/share/sdv_serial/environment/path.sh
[3.058s] -- Up-to-date symlink: /home/antorresca/Desktop/CursoDirigido/SDV_ROS2/install/sdv_serial/share/sdv_serial/environment/path.dsv
[3.058s] -- Up-to-date symlink: /home/antorresca/Desktop/CursoDirigido/SDV_ROS2/install/sdv_serial/share/sdv_serial/local_setup.bash
[3.058s] -- Up-to-date symlink: /home/antorresca/Desktop/CursoDirigido/SDV_ROS2/install/sdv_serial/share/sdv_serial/local_setup.sh
[3.058s] -- Up-to-date symlink: /home/antorresca/Desktop/CursoDirigido/SDV_ROS2/install/sdv_serial/share/sdv_serial/local_setup.zsh
[3.059s] -- Up-to-date symlink: /home/antorresca/Desktop/CursoDirigido/SDV_ROS2/install/sdv_serial/share/sdv_serial/local_setup.dsv
[3.059s] -- Symlinking: /home/antorresca/Desktop/CursoDirigido/SDV_ROS2/install/sdv_serial/share/sdv_serial/package.dsv
[3.071s] -- Up-to-date symlink: /home/antorresca/Desktop/CursoDirigido/SDV_ROS2/install/sdv_serial/share/ament_index/resource_index/packages/sdv_serial
[3.071s] -- Up-to-date symlink: /home/antorresca/Desktop/CursoDirigido/SDV_ROS2/install/sdv_serial/share/sdv_serial/cmake/sdv_serialConfig.cmake
[3.071s] -- Up-to-date symlink: /home/antorresca/Desktop/CursoDirigido/SDV_ROS2/install/sdv_serial/share/sdv_serial/cmake/sdv_serialConfig-version.cmake
[3.072s] -- Up-to-date symlink: /home/antorresca/Desktop/CursoDirigido/SDV_ROS2/install/sdv_serial/share/sdv_serial/package.xml
[3.074s] Invoked command in '/home/antorresca/Desktop/CursoDirigido/SDV_ROS2/build/sdv_serial' returned '0': CMAKE_PREFIX_PATH=${CMAKE_PREFIX_PATH}:/opt/ros/jazzy DEBUGINFOD_URLS=https://debuginfod.ubuntu.com /usr/bin/cmake --install /home/antorresca/Desktop/CursoDirigido/SDV_ROS2/build/sdv_serial
